2020-03-17 14:10:46,980 Experiment ID: 0001
2020-03-17 14:10:52,165 Training poisoned model...
2020-03-17 14:10:53,708 AlexNet(
  (features): Sequential(
    (0): Conv2d(3, 64, kernel_size=(11, 11), stride=(4, 4), padding=(2, 2))
    (1): ReLU(inplace=True)
    (2): MaxPool2d(kernel_size=3, stride=2, padding=0, dilation=1, ceil_mode=False)
    (3): Conv2d(64, 192, kernel_size=(5, 5), stride=(1, 1), padding=(2, 2))
    (4): ReLU(inplace=True)
    (5): MaxPool2d(kernel_size=3, stride=2, padding=0, dilation=1, ceil_mode=False)
    (6): Conv2d(192, 384, kernel_size=(3, 3), stride=(1, 1), padding=(1, 1))
    (7): ReLU(inplace=True)
    (8): Conv2d(384, 256, kernel_size=(3, 3), stride=(1, 1), padding=(1, 1))
    (9): ReLU(inplace=True)
    (10): Conv2d(256, 256, kernel_size=(3, 3), stride=(1, 1), padding=(1, 1))
    (11): ReLU(inplace=True)
    (12): MaxPool2d(kernel_size=3, stride=2, padding=0, dilation=1, ceil_mode=False)
  )
  (avgpool): AdaptiveAvgPool2d(output_size=(6, 6))
  (classifier): Sequential(
    (0): Dropout(p=0.5, inplace=False)
    (1): Linear(in_features=9216, out_features=4096, bias=True)
    (2): ReLU(inplace=True)
    (3): Dropout(p=0.5, inplace=False)
    (4): Linear(in_features=4096, out_features=4096, bias=True)
    (5): ReLU(inplace=True)
    (6): Linear(in_features=4096, out_features=2, bias=True)
  )
)
2020-03-17 14:10:53,709 Initializing Datasets and Dataloaders...
2020-03-17 14:10:53,879 Number of clean images: 2200
2020-03-17 14:10:53,879 Number of poison images: 400
2020-03-17 14:10:53,879 Params to learn:
2020-03-17 14:10:53,879 classifier.6.weight
2020-03-17 14:10:53,880 classifier.6.bias
2020-03-17 14:10:53,982 Epoch 0/29
2020-03-17 14:10:53,982 ----------
2020-03-17 14:11:21,386 train Loss: 0.4663 Acc: 0.7646
2020-03-17 14:11:23,062 test Loss: 0.1086 Acc: 0.9700
2020-03-17 14:11:23,064 Better model found!
2020-03-17 14:11:24,124 notpatched Loss: 4.4348 Acc: 0.0600
2020-03-17 14:11:25,184 patched Loss: 2.1851 Acc: 0.3400
2020-03-17 14:11:25,185 Epoch 1/29
2020-03-17 14:11:25,185 ----------
2020-03-17 14:11:51,218 train Loss: 0.2538 Acc: 0.9023
2020-03-17 14:11:52,840 test Loss: 0.1265 Acc: 0.9600
2020-03-17 14:11:53,875 notpatched Loss: 4.7812 Acc: 0.0800
2020-03-17 14:11:54,906 patched Loss: 1.6518 Acc: 0.5200
2020-03-17 14:11:54,906 Epoch 2/29
2020-03-17 14:11:54,906 ----------
2020-03-17 14:12:20,591 train Loss: 0.1755 Acc: 0.9281
2020-03-17 14:12:22,205 test Loss: 0.1296 Acc: 0.9100
2020-03-17 14:12:23,222 notpatched Loss: 4.5417 Acc: 0.1200
2020-03-17 14:12:24,245 patched Loss: 1.3131 Acc: 0.5600
2020-03-17 14:12:24,246 Epoch 3/29
2020-03-17 14:12:24,246 ----------
2020-03-17 14:12:49,968 train Loss: 0.1413 Acc: 0.9412
2020-03-17 14:12:51,554 test Loss: 0.1305 Acc: 0.9200
2020-03-17 14:12:52,575 notpatched Loss: 4.3610 Acc: 0.0800
2020-03-17 14:12:53,591 patched Loss: 1.2180 Acc: 0.5600
2020-03-17 14:12:53,592 Epoch 4/29
2020-03-17 14:12:53,592 ----------
2020-03-17 14:13:19,110 train Loss: 0.1275 Acc: 0.9527
2020-03-17 14:13:20,727 test Loss: 0.1144 Acc: 0.9200
2020-03-17 14:13:21,746 notpatched Loss: 4.5736 Acc: 0.1000
2020-03-17 14:13:22,775 patched Loss: 1.3733 Acc: 0.5400
2020-03-17 14:13:22,776 Epoch 5/29
2020-03-17 14:13:22,776 ----------
2020-03-17 14:13:48,272 train Loss: 0.1163 Acc: 0.9577
2020-03-17 14:13:49,870 test Loss: 0.1097 Acc: 0.9200
2020-03-17 14:13:50,886 notpatched Loss: 4.5926 Acc: 0.1000
2020-03-17 14:13:51,910 patched Loss: 1.4050 Acc: 0.5800
2020-03-17 14:13:51,910 Epoch 6/29
2020-03-17 14:13:51,911 ----------
2020-03-17 14:14:17,267 train Loss: 0.1084 Acc: 0.9619
2020-03-17 14:14:18,879 test Loss: 0.1186 Acc: 0.9300
2020-03-17 14:14:19,903 notpatched Loss: 4.5716 Acc: 0.0800
2020-03-17 14:14:20,930 patched Loss: 1.3912 Acc: 0.5400
2020-03-17 14:14:20,930 Epoch 7/29
2020-03-17 14:14:20,931 ----------
2020-03-17 14:14:46,484 train Loss: 0.0989 Acc: 0.9638
2020-03-17 14:14:48,066 test Loss: 0.1170 Acc: 0.9200
2020-03-17 14:14:49,088 notpatched Loss: 4.6270 Acc: 0.1000
2020-03-17 14:14:50,116 patched Loss: 1.4055 Acc: 0.5400
2020-03-17 14:14:50,116 Epoch 8/29
2020-03-17 14:14:50,117 ----------
2020-03-17 14:15:15,565 train Loss: 0.0932 Acc: 0.9696
2020-03-17 14:15:17,189 test Loss: 0.1170 Acc: 0.9200
2020-03-17 14:15:18,206 notpatched Loss: 4.6185 Acc: 0.1000
2020-03-17 14:15:19,221 patched Loss: 1.3600 Acc: 0.5400
2020-03-17 14:15:19,222 Epoch 9/29
2020-03-17 14:15:19,222 ----------
2020-03-17 14:15:45,007 train Loss: 0.0944 Acc: 0.9738
2020-03-17 14:15:46,578 test Loss: 0.1123 Acc: 0.9200
2020-03-17 14:15:47,599 notpatched Loss: 4.7783 Acc: 0.1000
2020-03-17 14:15:48,629 patched Loss: 1.4298 Acc: 0.5600
2020-03-17 14:15:48,629 Epoch 10/29
2020-03-17 14:15:48,629 ----------
2020-03-17 14:16:14,336 train Loss: 0.0833 Acc: 0.9731
2020-03-17 14:16:15,954 test Loss: 0.1085 Acc: 0.9200
2020-03-17 14:16:16,980 notpatched Loss: 4.8951 Acc: 0.1000
2020-03-17 14:16:17,989 patched Loss: 1.4904 Acc: 0.5400
2020-03-17 14:16:17,989 Epoch 11/29
2020-03-17 14:16:17,989 ----------
2020-03-17 14:16:43,887 train Loss: 0.0839 Acc: 0.9738
2020-03-17 14:16:45,473 test Loss: 0.1077 Acc: 0.9200
2020-03-17 14:16:46,490 notpatched Loss: 4.9208 Acc: 0.1000
2020-03-17 14:16:47,509 patched Loss: 1.5026 Acc: 0.5400
2020-03-17 14:16:47,510 Epoch 12/29
2020-03-17 14:16:47,510 ----------
2020-03-17 14:17:13,115 train Loss: 0.0889 Acc: 0.9715
2020-03-17 14:17:14,732 test Loss: 0.1092 Acc: 0.9200
2020-03-17 14:17:15,744 notpatched Loss: 4.8583 Acc: 0.1000
2020-03-17 14:17:16,774 patched Loss: 1.4705 Acc: 0.5400
2020-03-17 14:17:16,774 Epoch 13/29
2020-03-17 14:17:16,774 ----------
2020-03-17 14:17:42,222 train Loss: 0.0877 Acc: 0.9700
2020-03-17 14:17:43,817 test Loss: 0.1094 Acc: 0.9200
2020-03-17 14:17:44,831 notpatched Loss: 4.8490 Acc: 0.1000
2020-03-17 14:17:45,856 patched Loss: 1.4669 Acc: 0.5400
2020-03-17 14:17:45,857 Epoch 14/29
2020-03-17 14:17:45,857 ----------
2020-03-17 14:18:11,207 train Loss: 0.0847 Acc: 0.9746
2020-03-17 14:18:12,830 test Loss: 0.1084 Acc: 0.9200
2020-03-17 14:18:13,853 notpatched Loss: 4.8732 Acc: 0.1000
2020-03-17 14:18:14,872 patched Loss: 1.4839 Acc: 0.5400
2020-03-17 14:18:14,873 Epoch 15/29
2020-03-17 14:18:14,873 ----------
2020-03-17 14:18:40,570 train Loss: 0.0881 Acc: 0.9685
2020-03-17 14:18:42,149 test Loss: 0.1077 Acc: 0.9300
2020-03-17 14:18:43,172 notpatched Loss: 4.8934 Acc: 0.0800
2020-03-17 14:18:44,198 patched Loss: 1.4953 Acc: 0.5400
2020-03-17 14:18:44,198 Epoch 16/29
2020-03-17 14:18:44,198 ----------
2020-03-17 14:19:09,531 train Loss: 0.0817 Acc: 0.9746
2020-03-17 14:19:11,143 test Loss: 0.1070 Acc: 0.9300
2020-03-17 14:19:12,171 notpatched Loss: 4.9213 Acc: 0.0800
2020-03-17 14:19:13,202 patched Loss: 1.5088 Acc: 0.5400
2020-03-17 14:19:13,202 Epoch 17/29
2020-03-17 14:19:13,202 ----------
2020-03-17 14:19:38,792 train Loss: 0.0818 Acc: 0.9731
2020-03-17 14:19:40,376 test Loss: 0.1076 Acc: 0.9300
2020-03-17 14:19:41,407 notpatched Loss: 4.8831 Acc: 0.0800
2020-03-17 14:19:42,430 patched Loss: 1.4856 Acc: 0.5400
2020-03-17 14:19:42,431 Epoch 18/29
2020-03-17 14:19:42,431 ----------
2020-03-17 14:20:08,062 train Loss: 0.0891 Acc: 0.9731
2020-03-17 14:20:09,633 test Loss: 0.1086 Acc: 0.9200
2020-03-17 14:20:10,634 notpatched Loss: 4.8391 Acc: 0.1000
2020-03-17 14:20:11,659 patched Loss: 1.4589 Acc: 0.5400
2020-03-17 14:20:11,660 Epoch 19/29
2020-03-17 14:20:11,660 ----------
2020-03-17 14:20:37,275 train Loss: 0.0825 Acc: 0.9750
2020-03-17 14:20:38,857 test Loss: 0.1086 Acc: 0.9200
2020-03-17 14:20:39,877 notpatched Loss: 4.8243 Acc: 0.1000
2020-03-17 14:20:40,905 patched Loss: 1.4491 Acc: 0.5600
2020-03-17 14:20:40,905 Epoch 20/29
2020-03-17 14:20:40,905 ----------
2020-03-17 14:21:06,707 train Loss: 0.0848 Acc: 0.9715
2020-03-17 14:21:08,313 test Loss: 0.1085 Acc: 0.9200
2020-03-17 14:21:09,321 notpatched Loss: 4.8269 Acc: 0.1000
2020-03-17 14:21:10,354 patched Loss: 1.4502 Acc: 0.5600
2020-03-17 14:21:10,355 Epoch 21/29
2020-03-17 14:21:10,355 ----------
2020-03-17 14:21:35,860 train Loss: 0.0812 Acc: 0.9765
2020-03-17 14:21:37,458 test Loss: 0.1084 Acc: 0.9200
2020-03-17 14:21:38,478 notpatched Loss: 4.8312 Acc: 0.1000
2020-03-17 14:21:39,505 patched Loss: 1.4521 Acc: 0.5600
2020-03-17 14:21:39,505 Epoch 22/29
2020-03-17 14:21:39,506 ----------
2020-03-17 14:22:05,153 train Loss: 0.0830 Acc: 0.9750
2020-03-17 14:22:06,773 test Loss: 0.1082 Acc: 0.9200
2020-03-17 14:22:07,790 notpatched Loss: 4.8397 Acc: 0.1000
2020-03-17 14:22:08,813 patched Loss: 1.4565 Acc: 0.5400
2020-03-17 14:22:08,814 Epoch 23/29
2020-03-17 14:22:08,814 ----------
2020-03-17 14:22:34,257 train Loss: 0.0812 Acc: 0.9742
2020-03-17 14:22:35,850 test Loss: 0.1080 Acc: 0.9200
2020-03-17 14:22:36,870 notpatched Loss: 4.8462 Acc: 0.1000
2020-03-17 14:22:37,887 patched Loss: 1.4599 Acc: 0.5400
2020-03-17 14:22:37,887 Epoch 24/29
2020-03-17 14:22:37,887 ----------
2020-03-17 14:23:03,567 train Loss: 0.0816 Acc: 0.9754
2020-03-17 14:23:05,159 test Loss: 0.1079 Acc: 0.9200
2020-03-17 14:23:06,188 notpatched Loss: 4.8524 Acc: 0.1000
2020-03-17 14:23:07,220 patched Loss: 1.4633 Acc: 0.5400
2020-03-17 14:23:07,220 Epoch 25/29
2020-03-17 14:23:07,220 ----------
2020-03-17 14:23:32,621 train Loss: 0.0835 Acc: 0.9731
2020-03-17 14:23:34,199 test Loss: 0.1077 Acc: 0.9200
2020-03-17 14:23:35,234 notpatched Loss: 4.8568 Acc: 0.1000
2020-03-17 14:23:36,242 patched Loss: 1.4657 Acc: 0.5400
2020-03-17 14:23:36,243 Epoch 26/29
2020-03-17 14:23:36,243 ----------
2020-03-17 14:24:02,114 train Loss: 0.0835 Acc: 0.9750
2020-03-17 14:24:03,738 test Loss: 0.1077 Acc: 0.9200
2020-03-17 14:24:04,761 notpatched Loss: 4.8595 Acc: 0.1000
2020-03-17 14:24:05,794 patched Loss: 1.4671 Acc: 0.5400
2020-03-17 14:24:05,795 Epoch 27/29
2020-03-17 14:24:05,795 ----------
2020-03-17 14:24:31,178 train Loss: 0.0830 Acc: 0.9750
2020-03-17 14:24:32,755 test Loss: 0.1078 Acc: 0.9200
2020-03-17 14:24:33,780 notpatched Loss: 4.8542 Acc: 0.1000
2020-03-17 14:24:34,804 patched Loss: 1.4640 Acc: 0.5400
2020-03-17 14:24:34,805 Epoch 28/29
2020-03-17 14:24:34,805 ----------
2020-03-17 14:25:00,352 train Loss: 0.0801 Acc: 0.9735
2020-03-17 14:25:01,980 test Loss: 0.1080 Acc: 0.9200
2020-03-17 14:25:03,000 notpatched Loss: 4.8466 Acc: 0.1000
2020-03-17 14:25:04,030 patched Loss: 1.4598 Acc: 0.5400
2020-03-17 14:25:04,031 Epoch 29/29
2020-03-17 14:25:04,031 ----------
2020-03-17 14:25:29,589 train Loss: 0.0851 Acc: 0.9723
2020-03-17 14:25:31,202 test Loss: 0.1081 Acc: 0.9200
2020-03-17 14:25:32,226 notpatched Loss: 4.8458 Acc: 0.1000
2020-03-17 14:25:33,259 patched Loss: 1.4591 Acc: 0.5400
2020-03-17 14:25:33,259 Training complete in 14m 39s
2020-03-17 14:25:33,259 Max Test Acc: 0.970000
2020-03-17 14:25:33,260 Last 10 Epochs Test Acc: Mean 0.920 Std 0.000 
2020-03-17 14:25:33,260 Last 10 Epochs Patched Targeted Attack Success Rate: Mean 0.544 Std 0.008 
2020-03-17 14:25:33,260 Last 10 Epochs NotPatched Targeted Attack Success Rate: Mean 0.100 Std 0.000 
2020-03-17 14:25:33,261 10 Epochs with Best Acc- Test Acc: Mean 0.933 Std 0.017 
2020-03-17 14:25:33,261 10 Epochs with Best Acc- Patched Targeted Attack Success Rate: Mean 0.524 Std 0.063 
2020-03-17 14:25:33,261 10 Epochs with Best Acc- NotPatched Targeted Attack Success Rate: Mean 0.084 Std 0.012 
2020-03-17 14:25:34,080 Training clean model...
2020-03-17 14:25:35,452 AlexNet(
  (features): Sequential(
    (0): Conv2d(3, 64, kernel_size=(11, 11), stride=(4, 4), padding=(2, 2))
    (1): ReLU(inplace=True)
    (2): MaxPool2d(kernel_size=3, stride=2, padding=0, dilation=1, ceil_mode=False)
    (3): Conv2d(64, 192, kernel_size=(5, 5), stride=(1, 1), padding=(2, 2))
    (4): ReLU(inplace=True)
    (5): MaxPool2d(kernel_size=3, stride=2, padding=0, dilation=1, ceil_mode=False)
    (6): Conv2d(192, 384, kernel_size=(3, 3), stride=(1, 1), padding=(1, 1))
    (7): ReLU(inplace=True)
    (8): Conv2d(384, 256, kernel_size=(3, 3), stride=(1, 1), padding=(1, 1))
    (9): ReLU(inplace=True)
    (10): Conv2d(256, 256, kernel_size=(3, 3), stride=(1, 1), padding=(1, 1))
    (11): ReLU(inplace=True)
    (12): MaxPool2d(kernel_size=3, stride=2, padding=0, dilation=1, ceil_mode=False)
  )
  (avgpool): AdaptiveAvgPool2d(output_size=(6, 6))
  (classifier): Sequential(
    (0): Dropout(p=0.5, inplace=False)
    (1): Linear(in_features=9216, out_features=4096, bias=True)
    (2): ReLU(inplace=True)
    (3): Dropout(p=0.5, inplace=False)
    (4): Linear(in_features=4096, out_features=4096, bias=True)
    (5): ReLU(inplace=True)
    (6): Linear(in_features=4096, out_features=2, bias=True)
  )
)
2020-03-17 14:25:35,453 Initializing Datasets and Dataloaders...
2020-03-17 14:25:35,458 Number of clean images: 2200
2020-03-17 14:25:35,458 Params to learn:
2020-03-17 14:25:35,458 classifier.6.weight
2020-03-17 14:25:35,458 classifier.6.bias
2020-03-17 14:25:35,552 Epoch 0/29
2020-03-17 14:25:35,552 ----------
2020-03-17 14:25:55,523 train Loss: 0.3357 Acc: 0.8423
2020-03-17 14:25:56,670 test Loss: 0.0653 Acc: 0.9600
2020-03-17 14:25:56,671 Better model found!
2020-03-17 14:25:57,392 notpatched Loss: 6.7821 Acc: 0.0200
2020-03-17 14:25:58,107 patched Loss: 5.3075 Acc: 0.0800
2020-03-17 14:25:58,107 Epoch 1/29
2020-03-17 14:25:58,107 ----------
2020-03-17 14:26:15,031 train Loss: 0.0885 Acc: 0.9686
2020-03-17 14:26:16,153 test Loss: 0.0369 Acc: 0.9900
2020-03-17 14:26:16,154 Better model found!
2020-03-17 14:26:16,867 notpatched Loss: 10.6802 Acc: 0.0000
2020-03-17 14:26:17,584 patched Loss: 8.3204 Acc: 0.0600
2020-03-17 14:26:17,585 Epoch 2/29
2020-03-17 14:26:17,585 ----------
2020-03-17 14:26:34,452 train Loss: 0.0739 Acc: 0.9732
2020-03-17 14:26:35,583 test Loss: 0.0291 Acc: 0.9800
2020-03-17 14:26:36,297 notpatched Loss: 11.9638 Acc: 0.0200
2020-03-17 14:26:37,007 patched Loss: 9.2227 Acc: 0.0600
2020-03-17 14:26:37,007 Epoch 3/29
2020-03-17 14:26:37,007 ----------
2020-03-17 14:26:53,918 train Loss: 0.0706 Acc: 0.9727
2020-03-17 14:26:55,072 test Loss: 0.0288 Acc: 0.9800
2020-03-17 14:26:55,789 notpatched Loss: 12.8668 Acc: 0.0200
2020-03-17 14:26:56,507 patched Loss: 9.9726 Acc: 0.0600
2020-03-17 14:26:56,508 Epoch 4/29
2020-03-17 14:26:56,508 ----------
2020-03-17 14:27:13,516 train Loss: 0.0593 Acc: 0.9777
2020-03-17 14:27:14,643 test Loss: 0.0284 Acc: 0.9900
2020-03-17 14:27:15,357 notpatched Loss: 12.9970 Acc: 0.0200
2020-03-17 14:27:16,084 patched Loss: 10.1005 Acc: 0.0600
2020-03-17 14:27:16,084 Epoch 5/29
2020-03-17 14:27:16,084 ----------
2020-03-17 14:27:34,522 train Loss: 0.0607 Acc: 0.9777
2020-03-17 14:27:35,708 test Loss: 0.0272 Acc: 0.9900
2020-03-17 14:27:36,454 notpatched Loss: 12.8320 Acc: 0.0200
2020-03-17 14:27:37,194 patched Loss: 9.9404 Acc: 0.0600
2020-03-17 14:27:37,195 Epoch 6/29
2020-03-17 14:27:37,195 ----------
2020-03-17 14:27:54,862 train Loss: 0.0615 Acc: 0.9773
2020-03-17 14:27:56,067 test Loss: 0.0266 Acc: 0.9900
2020-03-17 14:27:56,810 notpatched Loss: 12.6235 Acc: 0.0200
2020-03-17 14:27:57,563 patched Loss: 9.7432 Acc: 0.0600
2020-03-17 14:27:57,563 Epoch 7/29
2020-03-17 14:27:57,563 ----------
2020-03-17 14:28:15,307 train Loss: 0.0546 Acc: 0.9827
2020-03-17 14:28:16,479 test Loss: 0.0279 Acc: 0.9900
2020-03-17 14:28:17,226 notpatched Loss: 12.7734 Acc: 0.0200
2020-03-17 14:28:17,971 patched Loss: 9.9012 Acc: 0.0600
2020-03-17 14:28:17,971 Epoch 8/29
2020-03-17 14:28:17,971 ----------
2020-03-17 14:28:35,746 train Loss: 0.0488 Acc: 0.9814
2020-03-17 14:28:36,917 test Loss: 0.0278 Acc: 0.9900
2020-03-17 14:28:37,662 notpatched Loss: 12.7728 Acc: 0.0200
2020-03-17 14:28:38,412 patched Loss: 9.9117 Acc: 0.0600
2020-03-17 14:28:38,413 Epoch 9/29
2020-03-17 14:28:38,413 ----------
2020-03-17 14:28:56,221 train Loss: 0.0491 Acc: 0.9859
2020-03-17 14:28:57,413 test Loss: 0.0279 Acc: 0.9900
2020-03-17 14:28:58,160 notpatched Loss: 12.7473 Acc: 0.0200
2020-03-17 14:28:58,904 patched Loss: 9.8768 Acc: 0.0600
2020-03-17 14:28:58,904 Epoch 10/29
2020-03-17 14:28:58,905 ----------
2020-03-17 14:29:16,990 train Loss: 0.0452 Acc: 0.9841
2020-03-17 14:29:18,977 test Loss: 0.0280 Acc: 0.9900
2020-03-17 14:29:20,235 notpatched Loss: 12.7494 Acc: 0.0200
2020-03-17 14:29:21,501 patched Loss: 9.8783 Acc: 0.0600
2020-03-17 14:29:21,502 Epoch 11/29
2020-03-17 14:29:21,502 ----------
2020-03-17 14:29:50,666 train Loss: 0.0455 Acc: 0.9841
2020-03-17 14:29:52,280 test Loss: 0.0280 Acc: 0.9900
2020-03-17 14:29:53,315 notpatched Loss: 12.7626 Acc: 0.0200
2020-03-17 14:29:54,333 patched Loss: 9.8899 Acc: 0.0600
2020-03-17 14:29:54,333 Epoch 12/29
2020-03-17 14:29:54,333 ----------
2020-03-17 14:30:18,278 train Loss: 0.0475 Acc: 0.9868
2020-03-17 14:30:19,880 test Loss: 0.0281 Acc: 0.9900
2020-03-17 14:30:20,900 notpatched Loss: 12.7917 Acc: 0.0200
2020-03-17 14:30:21,933 patched Loss: 9.9181 Acc: 0.0600
2020-03-17 14:30:21,934 Epoch 13/29
2020-03-17 14:30:21,934 ----------
2020-03-17 14:30:45,784 train Loss: 0.0439 Acc: 0.9859
2020-03-17 14:30:47,388 test Loss: 0.0280 Acc: 0.9900
2020-03-17 14:30:48,418 notpatched Loss: 12.7746 Acc: 0.0200
2020-03-17 14:30:49,453 patched Loss: 9.9016 Acc: 0.0600
2020-03-17 14:30:49,453 Epoch 14/29
2020-03-17 14:30:49,454 ----------
2020-03-17 14:31:13,262 train Loss: 0.0445 Acc: 0.9855
2020-03-17 14:31:14,864 test Loss: 0.0280 Acc: 0.9900
2020-03-17 14:31:15,883 notpatched Loss: 12.7584 Acc: 0.0200
2020-03-17 14:31:16,917 patched Loss: 9.8855 Acc: 0.0600
2020-03-17 14:31:16,917 Epoch 15/29
2020-03-17 14:31:16,917 ----------
2020-03-17 14:31:40,797 train Loss: 0.0444 Acc: 0.9855
2020-03-17 14:31:42,401 test Loss: 0.0280 Acc: 0.9900
2020-03-17 14:31:43,437 notpatched Loss: 12.7616 Acc: 0.0200
2020-03-17 14:31:44,473 patched Loss: 9.8888 Acc: 0.0600
2020-03-17 14:31:44,473 Epoch 16/29
2020-03-17 14:31:44,474 ----------
2020-03-17 14:32:08,322 train Loss: 0.0463 Acc: 0.9836
2020-03-17 14:32:09,850 test Loss: 0.0281 Acc: 0.9900
2020-03-17 14:32:10,846 notpatched Loss: 12.7631 Acc: 0.0200
2020-03-17 14:32:11,839 patched Loss: 9.8902 Acc: 0.0600
2020-03-17 14:32:11,840 Epoch 17/29
2020-03-17 14:32:11,840 ----------
2020-03-17 14:32:34,796 train Loss: 0.0440 Acc: 0.9868
2020-03-17 14:32:36,355 test Loss: 0.0281 Acc: 0.9900
2020-03-17 14:32:37,336 notpatched Loss: 12.7837 Acc: 0.0200
2020-03-17 14:32:38,325 patched Loss: 9.9095 Acc: 0.0600
2020-03-17 14:32:38,325 Epoch 18/29
2020-03-17 14:32:38,325 ----------
2020-03-17 14:33:01,295 train Loss: 0.0447 Acc: 0.9868
2020-03-17 14:33:02,869 test Loss: 0.0283 Acc: 0.9900
2020-03-17 14:33:03,891 notpatched Loss: 12.8137 Acc: 0.0200
2020-03-17 14:33:04,930 patched Loss: 9.9403 Acc: 0.0600
2020-03-17 14:33:04,931 Epoch 19/29
2020-03-17 14:33:04,931 ----------
2020-03-17 14:33:29,657 train Loss: 0.0441 Acc: 0.9841
2020-03-17 14:33:31,307 test Loss: 0.0283 Acc: 0.9900
2020-03-17 14:33:32,346 notpatched Loss: 12.8361 Acc: 0.0200
2020-03-17 14:33:33,384 patched Loss: 9.9624 Acc: 0.0600
2020-03-17 14:33:33,385 Epoch 20/29
2020-03-17 14:33:33,385 ----------
2020-03-17 14:33:58,816 train Loss: 0.0396 Acc: 0.9882
2020-03-17 14:34:00,520 test Loss: 0.0283 Acc: 0.9900
2020-03-17 14:34:01,614 notpatched Loss: 12.8375 Acc: 0.0200
2020-03-17 14:34:02,684 patched Loss: 9.9639 Acc: 0.0600
2020-03-17 14:34:02,684 Epoch 21/29
2020-03-17 14:34:02,684 ----------
2020-03-17 14:34:28,006 train Loss: 0.0466 Acc: 0.9832
2020-03-17 14:34:29,686 test Loss: 0.0283 Acc: 0.9900
2020-03-17 14:34:30,832 notpatched Loss: 12.8380 Acc: 0.0200
2020-03-17 14:34:31,961 patched Loss: 9.9645 Acc: 0.0600
2020-03-17 14:34:31,962 Epoch 22/29
2020-03-17 14:34:31,962 ----------
2020-03-17 14:34:58,004 train Loss: 0.0429 Acc: 0.9845
2020-03-17 14:34:59,756 test Loss: 0.0283 Acc: 0.9900
2020-03-17 14:35:00,896 notpatched Loss: 12.8385 Acc: 0.0200
2020-03-17 14:35:02,040 patched Loss: 9.9653 Acc: 0.0600
2020-03-17 14:35:02,040 Epoch 23/29
2020-03-17 14:35:02,040 ----------
2020-03-17 14:35:28,331 train Loss: 0.0423 Acc: 0.9859
2020-03-17 14:35:30,144 test Loss: 0.0283 Acc: 0.9900
2020-03-17 14:35:31,191 notpatched Loss: 12.8393 Acc: 0.0200
2020-03-17 14:35:32,339 patched Loss: 9.9659 Acc: 0.0600
2020-03-17 14:35:32,340 Epoch 24/29
2020-03-17 14:35:32,340 ----------
2020-03-17 14:35:58,552 train Loss: 0.0478 Acc: 0.9845
2020-03-17 14:36:00,336 test Loss: 0.0283 Acc: 0.9900
2020-03-17 14:36:01,471 notpatched Loss: 12.8404 Acc: 0.0200
2020-03-17 14:36:02,606 patched Loss: 9.9670 Acc: 0.0600
2020-03-17 14:36:02,606 Epoch 25/29
2020-03-17 14:36:02,606 ----------
2020-03-17 14:36:28,432 train Loss: 0.0433 Acc: 0.9868
2020-03-17 14:36:30,191 test Loss: 0.0283 Acc: 0.9900
2020-03-17 14:36:31,306 notpatched Loss: 12.8393 Acc: 0.0200
2020-03-17 14:36:32,398 patched Loss: 9.9659 Acc: 0.0600
2020-03-17 14:36:32,398 Epoch 26/29
2020-03-17 14:36:32,398 ----------
2020-03-17 14:36:56,633 train Loss: 0.0437 Acc: 0.9873
2020-03-17 14:36:58,289 test Loss: 0.0283 Acc: 0.9900
2020-03-17 14:36:59,356 notpatched Loss: 12.8385 Acc: 0.0200
2020-03-17 14:37:00,430 patched Loss: 9.9652 Acc: 0.0600
2020-03-17 14:37:00,430 Epoch 27/29
2020-03-17 14:37:00,431 ----------
2020-03-17 14:37:24,668 train Loss: 0.0450 Acc: 0.9864
2020-03-17 14:37:26,336 test Loss: 0.0283 Acc: 0.9900
2020-03-17 14:37:27,394 notpatched Loss: 12.8364 Acc: 0.0200
2020-03-17 14:37:28,456 patched Loss: 9.9631 Acc: 0.0600
2020-03-17 14:37:28,457 Epoch 28/29
2020-03-17 14:37:28,457 ----------
2020-03-17 14:37:52,703 train Loss: 0.0433 Acc: 0.9864
2020-03-17 14:37:54,365 test Loss: 0.0283 Acc: 0.9900
2020-03-17 14:37:55,433 notpatched Loss: 12.8348 Acc: 0.0200
2020-03-17 14:37:56,511 patched Loss: 9.9615 Acc: 0.0600
2020-03-17 14:37:56,512 Epoch 29/29
2020-03-17 14:37:56,512 ----------
2020-03-17 14:38:21,188 train Loss: 0.0440 Acc: 0.9845
2020-03-17 14:38:22,871 test Loss: 0.0283 Acc: 0.9900
2020-03-17 14:38:23,947 notpatched Loss: 12.8337 Acc: 0.0200
2020-03-17 14:38:25,021 patched Loss: 9.9605 Acc: 0.0600
2020-03-17 14:38:25,022 Training complete in 12m 49s
2020-03-17 14:38:25,022 Max Test Acc: 0.990000
2020-03-17 14:38:25,022 Last 10 Epochs Test Acc: Mean 0.990 Std 0.000 
2020-03-17 14:38:25,023 Last 10 Epochs Patched Targeted Attack Success Rate: Mean 0.060 Std 0.000 
2020-03-17 14:38:25,023 Last 10 Epochs NotPatched Targeted Attack Success Rate: Mean 0.020 Std 0.000 
2020-03-17 14:38:25,023 10 Epochs with Best Acc- Test Acc: Mean 0.990 Std 0.000 
2020-03-17 14:38:25,023 10 Epochs with Best Acc- Patched Targeted Attack Success Rate: Mean 0.060 Std 0.000 
2020-03-17 14:38:25,024 10 Epochs with Best Acc- NotPatched Targeted Attack Success Rate: Mean 0.018 Std 0.006 
