2020-03-16 21:45:57,193 Experiment ID: 0001
2020-03-16 21:45:57,193 Use GPU: 0 for training
2020-03-16 21:45:57,193 => using pre-trained model 'alexnet'
2020-03-16 21:46:16,035 Using single source for this experiment.
2020-03-16 21:46:16,044 Number of target images:200
2020-03-16 21:46:16,044 Number of source images:200
2020-03-16 21:46:21,568 Epoch:  0 | i: 0 | iter:     0 | LR: 0.0100 | Loss Val: 869821.938 | Loss Avg: 869821.938
2020-03-16 21:46:27,196 Epoch:  0 | i: 0 | iter:   100 | LR: 0.0100 | Loss Val: 402679.031 | Loss Avg: 425486.613
2020-03-16 21:46:32,814 Epoch:  0 | i: 0 | iter:   200 | LR: 0.0100 | Loss Val: 402970.094 | Loss Avg: 415477.082
2020-03-16 21:46:38,444 Epoch:  0 | i: 0 | iter:   300 | LR: 0.0100 | Loss Val: 404306.844 | Loss Avg: 411887.048
2020-03-16 21:46:44,066 Epoch:  0 | i: 0 | iter:   400 | LR: 0.0100 | Loss Val: 406299.906 | Loss Avg: 410224.114
2020-03-16 21:46:49,717 Epoch:  0 | i: 0 | iter:   500 | LR: 0.0100 | Loss Val: 401979.750 | Loss Avg: 409034.216
2020-03-16 21:46:55,360 Epoch:  0 | i: 0 | iter:   600 | LR: 0.0100 | Loss Val: 405648.125 | Loss Avg: 408194.271
2020-03-16 21:47:01,016 Epoch:  0 | i: 0 | iter:   700 | LR: 0.0100 | Loss Val: 409780.594 | Loss Avg: 407536.767
2020-03-16 21:47:06,672 Epoch:  0 | i: 0 | iter:   800 | LR: 0.0100 | Loss Val: 404378.438 | Loss Avg: 407005.987
2020-03-16 21:47:12,343 Epoch:  0 | i: 0 | iter:   900 | LR: 0.0100 | Loss Val: 397178.312 | Loss Avg: 406781.695
2020-03-16 21:47:18,010 Epoch:  0 | i: 0 | iter:  1000 | LR: 0.0050 | Loss Val: 405142.125 | Loss Avg: 406433.308
2020-03-16 21:47:23,678 Epoch:  0 | i: 0 | iter:  1100 | LR: 0.0050 | Loss Val: 235258.594 | Loss Avg: 392864.716
2020-03-16 21:47:29,360 Epoch:  0 | i: 0 | iter:  1200 | LR: 0.0050 | Loss Val: 224193.750 | Loss Avg: 379855.203
2020-03-16 21:47:35,054 Epoch:  0 | i: 0 | iter:  1300 | LR: 0.0050 | Loss Val: 228659.328 | Loss Avg: 368361.005
2020-03-16 21:47:40,748 Epoch:  0 | i: 0 | iter:  1400 | LR: 0.0050 | Loss Val: 234240.500 | Loss Avg: 358250.321
2020-03-16 21:47:46,425 Epoch:  0 | i: 0 | iter:  1500 | LR: 0.0050 | Loss Val: 229590.531 | Loss Avg: 349328.309
2020-03-16 21:47:52,119 Epoch:  0 | i: 0 | iter:  1600 | LR: 0.0050 | Loss Val: 231886.703 | Loss Avg: 341419.362
2020-03-16 21:47:57,807 Epoch:  0 | i: 0 | iter:  1700 | LR: 0.0050 | Loss Val: 207201.812 | Loss Avg: 334288.855
2020-03-16 21:48:03,533 Epoch:  0 | i: 0 | iter:  1800 | LR: 0.0050 | Loss Val: 228281.016 | Loss Avg: 327829.484
2020-03-16 21:48:09,316 Epoch:  0 | i: 0 | iter:  1900 | LR: 0.0050 | Loss Val: 222927.391 | Loss Avg: 322110.210
2020-03-16 21:48:15,084 Epoch:  0 | i: 0 | iter:  2000 | LR: 0.0025 | Loss Val: 215151.438 | Loss Avg: 316885.750
2020-03-16 21:48:20,856 Epoch:  0 | i: 0 | iter:  2100 | LR: 0.0025 | Loss Val: 44601.355 | Loss Avg: 305216.627
2020-03-16 21:48:26,662 Epoch:  0 | i: 0 | iter:  2200 | LR: 0.0025 | Loss Val: 27586.008 | Loss Avg: 292928.079
2020-03-16 21:48:32,469 Epoch:  0 | i: 0 | iter:  2300 | LR: 0.0025 | Loss Val: 21748.920 | Loss Avg: 281289.384
2020-03-16 21:48:38,279 Epoch:  0 | i: 0 | iter:  2400 | LR: 0.0025 | Loss Val: 17436.148 | Loss Avg: 270387.442
2020-03-16 21:48:44,087 Epoch:  0 | i: 0 | iter:  2500 | LR: 0.0025 | Loss Val: 14551.650 | Loss Avg: 260208.749
2020-03-16 21:48:49,932 Epoch:  0 | i: 0 | iter:  2600 | LR: 0.0025 | Loss Val: 13327.342 | Loss Avg: 250764.578
2020-03-16 21:48:55,755 Epoch:  0 | i: 0 | iter:  2700 | LR: 0.0025 | Loss Val: 15355.098 | Loss Avg: 242005.368
2020-03-16 21:49:01,586 Epoch:  0 | i: 0 | iter:  2800 | LR: 0.0025 | Loss Val: 12392.684 | Loss Avg: 233842.762
2020-03-16 21:49:07,425 Epoch:  0 | i: 0 | iter:  2900 | LR: 0.0025 | Loss Val: 12338.131 | Loss Avg: 226210.339
2020-03-16 21:49:13,277 Epoch:  0 | i: 0 | iter:  3000 | LR: 0.0013 | Loss Val: 11458.679 | Loss Avg: 219078.509
2020-03-16 21:49:19,111 Epoch:  0 | i: 0 | iter:  3100 | LR: 0.0013 | Loss Val: 4611.745 | Loss Avg: 212181.548
2020-03-16 21:49:24,953 Epoch:  0 | i: 0 | iter:  3200 | LR: 0.0013 | Loss Val: 4355.301 | Loss Avg: 205690.248
2020-03-16 21:49:30,825 Epoch:  0 | i: 0 | iter:  3300 | LR: 0.0013 | Loss Val: 4117.302 | Loss Avg: 199585.944
2020-03-16 21:49:36,695 Epoch:  0 | i: 0 | iter:  3400 | LR: 0.0013 | Loss Val: 3986.189 | Loss Avg: 193836.823
2020-03-16 21:49:42,543 Epoch:  0 | i: 0 | iter:  3500 | LR: 0.0013 | Loss Val: 3916.401 | Loss Avg: 188412.723
2020-03-16 21:49:48,398 Epoch:  0 | i: 0 | iter:  3600 | LR: 0.0013 | Loss Val: 3803.005 | Loss Avg: 183287.367
2020-03-16 21:49:54,271 Epoch:  0 | i: 0 | iter:  3700 | LR: 0.0013 | Loss Val: 3725.345 | Loss Avg: 178436.671
2020-03-16 21:50:00,141 Epoch:  0 | i: 0 | iter:  3800 | LR: 0.0013 | Loss Val: 3658.897 | Loss Avg: 173839.501
2020-03-16 21:50:06,013 Epoch:  0 | i: 0 | iter:  3900 | LR: 0.0013 | Loss Val: 3562.747 | Loss Avg: 169476.183
2020-03-16 21:50:11,872 Epoch:  0 | i: 0 | iter:  4000 | LR: 0.0006 | Loss Val: 3520.826 | Loss Avg: 165329.357
2020-03-16 21:50:17,739 Epoch:  0 | i: 0 | iter:  4100 | LR: 0.0006 | Loss Val: 3246.937 | Loss Avg: 161377.734
2020-03-16 21:50:23,596 Epoch:  0 | i: 0 | iter:  4200 | LR: 0.0006 | Loss Val: 3207.775 | Loss Avg: 157613.127
2020-03-16 21:50:29,477 Epoch:  0 | i: 0 | iter:  4300 | LR: 0.0006 | Loss Val: 3172.993 | Loss Avg: 154022.725
2020-03-16 21:50:35,323 Epoch:  0 | i: 0 | iter:  4400 | LR: 0.0006 | Loss Val: 3141.085 | Loss Avg: 150594.729
2020-03-16 21:50:41,209 Epoch:  0 | i: 0 | iter:  4500 | LR: 0.0006 | Loss Val: 3111.113 | Loss Avg: 147318.377
2020-03-16 21:50:47,060 Epoch:  0 | i: 0 | iter:  4600 | LR: 0.0006 | Loss Val: 3081.723 | Loss Avg: 144183.795
2020-03-16 21:50:52,914 Epoch:  0 | i: 0 | iter:  4700 | LR: 0.0006 | Loss Val: 3055.499 | Loss Avg: 141181.980
2020-03-16 21:50:58,799 Epoch:  0 | i: 0 | iter:  4800 | LR: 0.0006 | Loss Val: 3027.056 | Loss Avg: 138304.640
2020-03-16 21:51:04,666 Epoch:  0 | i: 0 | iter:  4900 | LR: 0.0006 | Loss Val: 3002.896 | Loss Avg: 135544.194
2020-03-16 21:51:12,020 Epoch:  0 | i: 1 | iter:     0 | LR: 0.0100 | Loss Val: 925045.625 | Loss Avg: 133078.029
2020-03-16 21:51:17,859 Epoch:  0 | i: 1 | iter:   100 | LR: 0.0100 | Loss Val: 425687.000 | Loss Avg: 139114.902
2020-03-16 21:51:23,715 Epoch:  0 | i: 1 | iter:   200 | LR: 0.0100 | Loss Val: 426216.656 | Loss Avg: 144631.919
2020-03-16 21:51:29,575 Epoch:  0 | i: 1 | iter:   300 | LR: 0.0100 | Loss Val: 428137.531 | Loss Avg: 149927.377
2020-03-16 21:51:35,438 Epoch:  0 | i: 1 | iter:   400 | LR: 0.0100 | Loss Val: 424584.500 | Loss Avg: 155010.109
2020-03-16 21:51:41,332 Epoch:  0 | i: 1 | iter:   500 | LR: 0.0100 | Loss Val: 426986.938 | Loss Avg: 159921.977
2020-03-16 21:51:47,221 Epoch:  0 | i: 1 | iter:   600 | LR: 0.0100 | Loss Val: 421095.062 | Loss Avg: 164644.709
2020-03-16 21:51:53,108 Epoch:  0 | i: 1 | iter:   700 | LR: 0.0100 | Loss Val: 420870.000 | Loss Avg: 169200.072
2020-03-16 21:51:58,989 Epoch:  0 | i: 1 | iter:   800 | LR: 0.0100 | Loss Val: 416632.875 | Loss Avg: 173606.057
2020-03-16 21:52:04,887 Epoch:  0 | i: 1 | iter:   900 | LR: 0.0100 | Loss Val: 418519.875 | Loss Avg: 177864.294
2020-03-16 21:52:10,789 Epoch:  0 | i: 1 | iter:  1000 | LR: 0.0050 | Loss Val: 423016.938 | Loss Avg: 181942.301
2020-03-16 21:52:16,667 Epoch:  0 | i: 1 | iter:  1100 | LR: 0.0050 | Loss Val: 265159.125 | Loss Avg: 183522.273
2020-03-16 21:52:22,553 Epoch:  0 | i: 1 | iter:  1200 | LR: 0.0050 | Loss Val: 253787.781 | Loss Avg: 184746.979
2020-03-16 21:52:28,433 Epoch:  0 | i: 1 | iter:  1300 | LR: 0.0050 | Loss Val: 251258.703 | Loss Avg: 185831.312
2020-03-16 21:52:34,329 Epoch:  0 | i: 1 | iter:  1400 | LR: 0.0050 | Loss Val: 251016.469 | Loss Avg: 186828.903
2020-03-16 21:52:40,233 Epoch:  0 | i: 1 | iter:  1500 | LR: 0.0050 | Loss Val: 251304.250 | Loss Avg: 187752.303
2020-03-16 21:52:46,127 Epoch:  0 | i: 1 | iter:  1600 | LR: 0.0050 | Loss Val: 238276.719 | Loss Avg: 188621.458
2020-03-16 21:52:52,023 Epoch:  0 | i: 1 | iter:  1700 | LR: 0.0050 | Loss Val: 247771.297 | Loss Avg: 189453.359
2020-03-16 21:52:57,905 Epoch:  0 | i: 1 | iter:  1800 | LR: 0.0050 | Loss Val: 239984.812 | Loss Avg: 190243.410
2020-03-16 21:53:03,805 Epoch:  0 | i: 1 | iter:  1900 | LR: 0.0050 | Loss Val: 230143.781 | Loss Avg: 190994.928
2020-03-16 21:53:09,688 Epoch:  0 | i: 1 | iter:  2000 | LR: 0.0025 | Loss Val: 239428.812 | Loss Avg: 191709.970
2020-03-16 21:53:15,589 Epoch:  0 | i: 1 | iter:  2100 | LR: 0.0025 | Loss Val: 62091.363 | Loss Avg: 190293.123
2020-03-16 21:53:21,482 Epoch:  0 | i: 1 | iter:  2200 | LR: 0.0025 | Loss Val: 39989.355 | Loss Avg: 188322.033
2020-03-16 21:53:27,377 Epoch:  0 | i: 1 | iter:  2300 | LR: 0.0025 | Loss Val: 31612.613 | Loss Avg: 186237.278
2020-03-16 21:53:33,275 Epoch:  0 | i: 1 | iter:  2400 | LR: 0.0025 | Loss Val: 28269.398 | Loss Avg: 184141.354
2020-03-16 21:53:39,180 Epoch:  0 | i: 1 | iter:  2500 | LR: 0.0025 | Loss Val: 27512.738 | Loss Avg: 182070.394
2020-03-16 21:53:45,068 Epoch:  0 | i: 1 | iter:  2600 | LR: 0.0025 | Loss Val: 27954.053 | Loss Avg: 180030.733
2020-03-16 21:53:50,971 Epoch:  0 | i: 1 | iter:  2700 | LR: 0.0025 | Loss Val: 26521.520 | Loss Avg: 178029.847
2020-03-16 21:53:56,861 Epoch:  0 | i: 1 | iter:  2800 | LR: 0.0025 | Loss Val: 23833.375 | Loss Avg: 176069.621
2020-03-16 21:54:02,763 Epoch:  0 | i: 1 | iter:  2900 | LR: 0.0025 | Loss Val: 27065.330 | Loss Avg: 174150.361
2020-03-16 21:54:08,644 Epoch:  0 | i: 1 | iter:  3000 | LR: 0.0013 | Loss Val: 23246.969 | Loss Avg: 172284.385
2020-03-16 21:54:14,530 Epoch:  0 | i: 1 | iter:  3100 | LR: 0.0013 | Loss Val: 5789.822 | Loss Avg: 170248.666
2020-03-16 21:54:20,426 Epoch:  0 | i: 1 | iter:  3200 | LR: 0.0013 | Loss Val: 5117.558 | Loss Avg: 168239.084
2020-03-16 21:54:26,337 Epoch:  0 | i: 1 | iter:  3300 | LR: 0.0013 | Loss Val: 4821.789 | Loss Avg: 166272.960
2020-03-16 21:54:32,249 Epoch:  0 | i: 1 | iter:  3400 | LR: 0.0013 | Loss Val: 4694.833 | Loss Avg: 164350.014
2020-03-16 21:54:38,144 Epoch:  0 | i: 1 | iter:  3500 | LR: 0.0013 | Loss Val: 4513.838 | Loss Avg: 162470.133
2020-03-16 21:54:44,045 Epoch:  0 | i: 1 | iter:  3600 | LR: 0.0013 | Loss Val: 4321.439 | Loss Avg: 160632.379
2020-03-16 21:54:49,955 Epoch:  0 | i: 1 | iter:  3700 | LR: 0.0013 | Loss Val: 4236.700 | Loss Avg: 158835.378
2020-03-16 21:54:55,832 Epoch:  0 | i: 1 | iter:  3800 | LR: 0.0013 | Loss Val: 4093.603 | Loss Avg: 157077.817
2020-03-16 21:55:01,720 Epoch:  0 | i: 1 | iter:  3900 | LR: 0.0013 | Loss Val: 4013.140 | Loss Avg: 155358.748
2020-03-16 21:55:07,620 Epoch:  0 | i: 1 | iter:  4000 | LR: 0.0006 | Loss Val: 3871.659 | Loss Avg: 153676.778
2020-03-16 21:55:13,542 Epoch:  0 | i: 1 | iter:  4100 | LR: 0.0006 | Loss Val: 3449.776 | Loss Avg: 152026.558
2020-03-16 21:55:19,465 Epoch:  0 | i: 1 | iter:  4200 | LR: 0.0006 | Loss Val: 3396.505 | Loss Avg: 150411.456
2020-03-16 21:55:25,359 Epoch:  0 | i: 1 | iter:  4300 | LR: 0.0006 | Loss Val: 3349.906 | Loss Avg: 148830.546
2020-03-16 21:55:31,270 Epoch:  0 | i: 1 | iter:  4400 | LR: 0.0006 | Loss Val: 3307.063 | Loss Avg: 147282.811
2020-03-16 21:55:37,185 Epoch:  0 | i: 1 | iter:  4500 | LR: 0.0006 | Loss Val: 3270.846 | Loss Avg: 145767.238
2020-03-16 21:55:43,113 Epoch:  0 | i: 1 | iter:  4600 | LR: 0.0006 | Loss Val: 3233.512 | Loss Avg: 144282.854
2020-03-16 21:55:49,044 Epoch:  0 | i: 1 | iter:  4700 | LR: 0.0006 | Loss Val: 3199.157 | Loss Avg: 142828.703
2020-03-16 21:55:54,950 Epoch:  0 | i: 1 | iter:  4800 | LR: 0.0006 | Loss Val: 3163.104 | Loss Avg: 141403.895
2020-03-16 21:56:00,870 Epoch:  0 | i: 1 | iter:  4900 | LR: 0.0006 | Loss Val: 3131.909 | Loss Avg: 140007.540
2020-03-16 21:56:07,486 Training complete one epoch in 9m 52s
2020-03-16 21:56:07,990 Using single source for this experiment.
2020-03-16 21:56:07,996 Number of target images:200
2020-03-16 21:56:07,996 Number of source images:200
2020-03-16 21:56:12,095 Epoch:  1 | i: 0 | iter:     0 | LR: 0.0100 | Loss Val: 890109.625 | Loss Avg: 890109.625
2020-03-16 21:56:17,863 Epoch:  1 | i: 0 | iter:   100 | LR: 0.0100 | Loss Val: 403348.312 | Loss Avg: 437051.141
2020-03-16 21:56:23,680 Epoch:  1 | i: 0 | iter:   200 | LR: 0.0100 | Loss Val: 410687.625 | Loss Avg: 427013.222
2020-03-16 21:56:29,493 Epoch:  1 | i: 0 | iter:   300 | LR: 0.0100 | Loss Val: 415253.500 | Loss Avg: 423227.487
2020-03-16 21:56:35,337 Epoch:  1 | i: 0 | iter:   400 | LR: 0.0100 | Loss Val: 414671.906 | Loss Avg: 421515.761
2020-03-16 21:56:41,195 Epoch:  1 | i: 0 | iter:   500 | LR: 0.0100 | Loss Val: 415571.344 | Loss Avg: 420054.343
2020-03-16 21:56:47,062 Epoch:  1 | i: 0 | iter:   600 | LR: 0.0100 | Loss Val: 412431.750 | Loss Avg: 418974.510
2020-03-16 21:56:52,936 Epoch:  1 | i: 0 | iter:   700 | LR: 0.0100 | Loss Val: 416102.062 | Loss Avg: 418356.336
2020-03-16 21:56:58,830 Epoch:  1 | i: 0 | iter:   800 | LR: 0.0100 | Loss Val: 419329.500 | Loss Avg: 418025.307
2020-03-16 21:57:04,727 Epoch:  1 | i: 0 | iter:   900 | LR: 0.0100 | Loss Val: 417047.750 | Loss Avg: 417761.894
2020-03-16 21:57:10,614 Epoch:  1 | i: 0 | iter:  1000 | LR: 0.0050 | Loss Val: 411831.562 | Loss Avg: 417603.332
2020-03-16 21:57:16,512 Epoch:  1 | i: 0 | iter:  1100 | LR: 0.0050 | Loss Val: 255747.656 | Loss Avg: 404133.431
2020-03-16 21:57:22,388 Epoch:  1 | i: 0 | iter:  1200 | LR: 0.0050 | Loss Val: 247728.578 | Loss Avg: 391292.787
2020-03-16 21:57:28,292 Epoch:  1 | i: 0 | iter:  1300 | LR: 0.0050 | Loss Val: 234721.828 | Loss Avg: 380036.710
2020-03-16 21:57:34,165 Epoch:  1 | i: 0 | iter:  1400 | LR: 0.0050 | Loss Val: 235599.625 | Loss Avg: 370074.483
2020-03-16 21:57:40,049 Epoch:  1 | i: 0 | iter:  1500 | LR: 0.0050 | Loss Val: 248136.781 | Loss Avg: 361323.655
2020-03-16 21:57:45,940 Epoch:  1 | i: 0 | iter:  1600 | LR: 0.0050 | Loss Val: 233720.125 | Loss Avg: 353583.223
2020-03-16 21:57:51,811 Epoch:  1 | i: 0 | iter:  1700 | LR: 0.0050 | Loss Val: 231937.438 | Loss Avg: 346689.097
2020-03-16 21:57:57,719 Epoch:  1 | i: 0 | iter:  1800 | LR: 0.0050 | Loss Val: 230563.703 | Loss Avg: 340467.137
2020-03-16 21:58:03,630 Epoch:  1 | i: 0 | iter:  1900 | LR: 0.0050 | Loss Val: 231271.562 | Loss Avg: 334818.045
2020-03-16 21:58:09,522 Epoch:  1 | i: 0 | iter:  2000 | LR: 0.0025 | Loss Val: 230896.719 | Loss Avg: 329813.304
2020-03-16 21:58:15,417 Epoch:  1 | i: 0 | iter:  2100 | LR: 0.0025 | Loss Val: 58350.805 | Loss Avg: 318229.888
2020-03-16 21:58:21,304 Epoch:  1 | i: 0 | iter:  2200 | LR: 0.0025 | Loss Val: 46558.938 | Loss Avg: 306024.867
2020-03-16 21:58:27,198 Epoch:  1 | i: 0 | iter:  2300 | LR: 0.0025 | Loss Val: 36008.363 | Loss Avg: 294465.548
2020-03-16 21:58:33,097 Epoch:  1 | i: 0 | iter:  2400 | LR: 0.0025 | Loss Val: 34682.531 | Loss Avg: 283717.352
2020-03-16 21:58:38,976 Epoch:  1 | i: 0 | iter:  2500 | LR: 0.0025 | Loss Val: 30331.926 | Loss Avg: 273742.863
2020-03-16 21:58:44,860 Epoch:  1 | i: 0 | iter:  2600 | LR: 0.0025 | Loss Val: 29780.836 | Loss Avg: 264443.653
2020-03-16 21:58:50,740 Epoch:  1 | i: 0 | iter:  2700 | LR: 0.0025 | Loss Val: 30114.160 | Loss Avg: 255768.579
2020-03-16 21:58:56,622 Epoch:  1 | i: 0 | iter:  2800 | LR: 0.0025 | Loss Val: 24226.074 | Loss Avg: 247644.753
2020-03-16 21:59:02,507 Epoch:  1 | i: 0 | iter:  2900 | LR: 0.0025 | Loss Val: 26149.230 | Loss Avg: 240046.812
2020-03-16 21:59:08,410 Epoch:  1 | i: 0 | iter:  3000 | LR: 0.0013 | Loss Val: 24614.090 | Loss Avg: 232924.061
2020-03-16 21:59:14,318 Epoch:  1 | i: 0 | iter:  3100 | LR: 0.0013 | Loss Val: 5955.755 | Loss Avg: 225665.558
2020-03-16 21:59:20,216 Epoch:  1 | i: 0 | iter:  3200 | LR: 0.0013 | Loss Val: 5092.113 | Loss Avg: 218785.598
2020-03-16 21:59:26,102 Epoch:  1 | i: 0 | iter:  3300 | LR: 0.0013 | Loss Val: 4836.740 | Loss Avg: 212309.263
2020-03-16 21:59:32,008 Epoch:  1 | i: 0 | iter:  3400 | LR: 0.0013 | Loss Val: 4601.163 | Loss Avg: 206205.973
2020-03-16 21:59:37,907 Epoch:  1 | i: 0 | iter:  3500 | LR: 0.0013 | Loss Val: 4573.744 | Loss Avg: 200445.905
2020-03-16 21:59:43,819 Epoch:  1 | i: 0 | iter:  3600 | LR: 0.0013 | Loss Val: 4299.621 | Loss Avg: 195001.280
2020-03-16 21:59:49,687 Epoch:  1 | i: 0 | iter:  3700 | LR: 0.0013 | Loss Val: 4222.326 | Loss Avg: 189847.468
2020-03-16 21:59:55,608 Epoch:  1 | i: 0 | iter:  3800 | LR: 0.0013 | Loss Val: 4127.123 | Loss Avg: 184961.508
2020-03-16 22:00:01,565 Epoch:  1 | i: 0 | iter:  3900 | LR: 0.0013 | Loss Val: 3973.938 | Loss Avg: 180323.373
2020-03-16 22:00:07,482 Epoch:  1 | i: 0 | iter:  4000 | LR: 0.0006 | Loss Val: 4012.745 | Loss Avg: 175915.388
2020-03-16 22:00:13,411 Epoch:  1 | i: 0 | iter:  4100 | LR: 0.0006 | Loss Val: 3815.299 | Loss Avg: 171736.561
2020-03-16 22:00:19,334 Epoch:  1 | i: 0 | iter:  4200 | LR: 0.0006 | Loss Val: 3571.389 | Loss Avg: 167736.033
2020-03-16 22:00:25,233 Epoch:  1 | i: 0 | iter:  4300 | LR: 0.0006 | Loss Val: 3480.459 | Loss Avg: 163918.190
2020-03-16 22:00:31,182 Epoch:  1 | i: 0 | iter:  4400 | LR: 0.0006 | Loss Val: 3432.417 | Loss Avg: 160272.103
2020-03-16 22:00:37,096 Epoch:  1 | i: 0 | iter:  4500 | LR: 0.0006 | Loss Val: 3384.485 | Loss Avg: 156786.702
2020-03-16 22:00:43,025 Epoch:  1 | i: 0 | iter:  4600 | LR: 0.0006 | Loss Val: 3317.128 | Loss Avg: 153451.727
2020-03-16 22:00:48,954 Epoch:  1 | i: 0 | iter:  4700 | LR: 0.0006 | Loss Val: 3272.489 | Loss Avg: 150257.644
2020-03-16 22:00:54,871 Epoch:  1 | i: 0 | iter:  4800 | LR: 0.0006 | Loss Val: 4211.872 | Loss Avg: 147205.811
2020-03-16 22:01:00,777 Epoch:  1 | i: 0 | iter:  4900 | LR: 0.0006 | Loss Val: 3613.714 | Loss Avg: 144289.246
2020-03-16 22:01:08,158 Epoch:  1 | i: 1 | iter:     0 | LR: 0.0100 | Loss Val: 881177.188 | Loss Avg: 141649.147
2020-03-16 22:01:14,006 Epoch:  1 | i: 1 | iter:   100 | LR: 0.0100 | Loss Val: 390876.250 | Loss Avg: 146726.481
2020-03-16 22:01:19,903 Epoch:  1 | i: 1 | iter:   200 | LR: 0.0100 | Loss Val: 389743.594 | Loss Avg: 151356.316
2020-03-16 22:01:25,770 Epoch:  1 | i: 1 | iter:   300 | LR: 0.0100 | Loss Val: 386259.750 | Loss Avg: 155800.674
2020-03-16 22:01:31,497 Epoch:  1 | i: 1 | iter:   400 | LR: 0.0100 | Loss Val: 380278.188 | Loss Avg: 160094.413
2020-03-16 22:01:37,241 Epoch:  1 | i: 1 | iter:   500 | LR: 0.0100 | Loss Val: 388009.375 | Loss Avg: 164226.844
2020-03-16 22:01:42,956 Epoch:  1 | i: 1 | iter:   600 | LR: 0.0100 | Loss Val: 373711.812 | Loss Avg: 168198.501
2020-03-16 22:01:48,667 Epoch:  1 | i: 1 | iter:   700 | LR: 0.0100 | Loss Val: 382753.656 | Loss Avg: 172036.801
2020-03-16 22:01:54,366 Epoch:  1 | i: 1 | iter:   800 | LR: 0.0100 | Loss Val: 375547.125 | Loss Avg: 175736.029
2020-03-16 22:02:00,088 Epoch:  1 | i: 1 | iter:   900 | LR: 0.0100 | Loss Val: 376903.000 | Loss Avg: 179297.168
2020-03-16 22:02:05,780 Epoch:  1 | i: 1 | iter:  1000 | LR: 0.0050 | Loss Val: 385967.875 | Loss Avg: 182751.481
2020-03-16 22:02:11,479 Epoch:  1 | i: 1 | iter:  1100 | LR: 0.0050 | Loss Val: 236076.375 | Loss Avg: 183834.256
2020-03-16 22:02:17,164 Epoch:  1 | i: 1 | iter:  1200 | LR: 0.0050 | Loss Val: 235477.031 | Loss Avg: 184545.634
2020-03-16 22:02:22,865 Epoch:  1 | i: 1 | iter:  1300 | LR: 0.0050 | Loss Val: 215042.891 | Loss Avg: 185081.947
2020-03-16 22:02:28,553 Epoch:  1 | i: 1 | iter:  1400 | LR: 0.0050 | Loss Val: 217053.359 | Loss Avg: 185538.648
2020-03-16 22:02:34,248 Epoch:  1 | i: 1 | iter:  1500 | LR: 0.0050 | Loss Val: 206434.031 | Loss Avg: 185940.620
2020-03-16 22:02:39,945 Epoch:  1 | i: 1 | iter:  1600 | LR: 0.0050 | Loss Val: 200183.406 | Loss Avg: 186270.626
2020-03-16 22:02:45,606 Epoch:  1 | i: 1 | iter:  1700 | LR: 0.0050 | Loss Val: 204039.750 | Loss Avg: 186561.074
2020-03-16 22:02:51,284 Epoch:  1 | i: 1 | iter:  1800 | LR: 0.0050 | Loss Val: 211738.484 | Loss Avg: 186840.799
2020-03-16 22:02:56,942 Epoch:  1 | i: 1 | iter:  1900 | LR: 0.0050 | Loss Val: 199034.172 | Loss Avg: 187096.079
2020-03-16 22:03:02,588 Epoch:  1 | i: 1 | iter:  2000 | LR: 0.0025 | Loss Val: 202665.047 | Loss Avg: 187323.552
2020-03-16 22:03:08,252 Epoch:  1 | i: 1 | iter:  2100 | LR: 0.0025 | Loss Val: 45477.477 | Loss Avg: 185691.350
2020-03-16 22:03:13,903 Epoch:  1 | i: 1 | iter:  2200 | LR: 0.0025 | Loss Val: 30657.645 | Loss Avg: 183628.136
2020-03-16 22:03:19,542 Epoch:  1 | i: 1 | iter:  2300 | LR: 0.0025 | Loss Val: 25783.750 | Loss Avg: 181490.629
2020-03-16 22:03:25,188 Epoch:  1 | i: 1 | iter:  2400 | LR: 0.0025 | Loss Val: 22392.926 | Loss Avg: 179348.680
2020-03-16 22:03:30,832 Epoch:  1 | i: 1 | iter:  2500 | LR: 0.0025 | Loss Val: 18454.891 | Loss Avg: 177227.171
2020-03-16 22:03:36,468 Epoch:  1 | i: 1 | iter:  2600 | LR: 0.0025 | Loss Val: 17906.492 | Loss Avg: 175140.599
2020-03-16 22:03:42,109 Epoch:  1 | i: 1 | iter:  2700 | LR: 0.0025 | Loss Val: 20753.543 | Loss Avg: 173093.232
2020-03-16 22:03:47,748 Epoch:  1 | i: 1 | iter:  2800 | LR: 0.0025 | Loss Val: 17048.561 | Loss Avg: 171088.364
2020-03-16 22:03:53,383 Epoch:  1 | i: 1 | iter:  2900 | LR: 0.0025 | Loss Val: 14157.844 | Loss Avg: 169127.990
2020-03-16 22:03:59,011 Epoch:  1 | i: 1 | iter:  3000 | LR: 0.0013 | Loss Val: 17670.779 | Loss Avg: 167210.011
2020-03-16 22:04:04,649 Epoch:  1 | i: 1 | iter:  3100 | LR: 0.0013 | Loss Val: 4979.037 | Loss Avg: 165221.849
2020-03-16 22:04:10,290 Epoch:  1 | i: 1 | iter:  3200 | LR: 0.0013 | Loss Val: 4541.072 | Loss Avg: 163264.811
2020-03-16 22:04:15,927 Epoch:  1 | i: 1 | iter:  3300 | LR: 0.0013 | Loss Val: 4351.956 | Loss Avg: 161351.430
2020-03-16 22:04:21,586 Epoch:  1 | i: 1 | iter:  3400 | LR: 0.0013 | Loss Val: 4261.228 | Loss Avg: 159481.457
2020-03-16 22:04:27,270 Epoch:  1 | i: 1 | iter:  3500 | LR: 0.0013 | Loss Val: 4096.570 | Loss Avg: 157653.963
2020-03-16 22:04:32,954 Epoch:  1 | i: 1 | iter:  3600 | LR: 0.0013 | Loss Val: 3926.157 | Loss Avg: 155867.682
2020-03-16 22:04:38,599 Epoch:  1 | i: 1 | iter:  3700 | LR: 0.0013 | Loss Val: 3835.406 | Loss Avg: 154121.319
2020-03-16 22:04:44,222 Epoch:  1 | i: 1 | iter:  3800 | LR: 0.0013 | Loss Val: 3821.390 | Loss Avg: 152413.579
2020-03-16 22:04:49,845 Epoch:  1 | i: 1 | iter:  3900 | LR: 0.0013 | Loss Val: 3728.762 | Loss Avg: 150743.189
2020-03-16 22:04:55,492 Epoch:  1 | i: 1 | iter:  4000 | LR: 0.0006 | Loss Val: 3622.847 | Loss Avg: 149109.257
2020-03-16 22:05:01,124 Epoch:  1 | i: 1 | iter:  4100 | LR: 0.0006 | Loss Val: 3283.205 | Loss Avg: 147507.305
2020-03-16 22:05:06,762 Epoch:  1 | i: 1 | iter:  4200 | LR: 0.0006 | Loss Val: 3238.054 | Loss Avg: 145939.566
2020-03-16 22:05:12,406 Epoch:  1 | i: 1 | iter:  4300 | LR: 0.0006 | Loss Val: 3199.449 | Loss Avg: 144405.094
2020-03-16 22:05:18,044 Epoch:  1 | i: 1 | iter:  4400 | LR: 0.0006 | Loss Val: 3163.539 | Loss Avg: 142902.886
2020-03-16 22:05:23,681 Epoch:  1 | i: 1 | iter:  4500 | LR: 0.0006 | Loss Val: 3132.722 | Loss Avg: 141431.948
2020-03-16 22:05:29,323 Epoch:  1 | i: 1 | iter:  4600 | LR: 0.0006 | Loss Val: 3103.154 | Loss Avg: 139991.319
2020-03-16 22:05:34,983 Epoch:  1 | i: 1 | iter:  4700 | LR: 0.0006 | Loss Val: 3070.552 | Loss Avg: 138580.081
2020-03-16 22:05:40,624 Epoch:  1 | i: 1 | iter:  4800 | LR: 0.0006 | Loss Val: 3042.855 | Loss Avg: 137197.346
2020-03-16 22:05:46,292 Epoch:  1 | i: 1 | iter:  4900 | LR: 0.0006 | Loss Val: 3015.790 | Loss Avg: 135842.272
2020-03-16 22:05:52,619 Training complete one epoch in 9m 45s
2020-03-16 22:05:53,086 Using single source for this experiment.
2020-03-16 22:05:53,092 Number of target images:200
2020-03-16 22:05:53,092 Number of source images:200
2020-03-16 22:05:56,917 Epoch:  2 | i: 0 | iter:     0 | LR: 0.0100 | Loss Val: 901121.500 | Loss Avg: 901121.500
2020-03-16 22:06:02,502 Epoch:  2 | i: 0 | iter:   100 | LR: 0.0100 | Loss Val: 402792.344 | Loss Avg: 421343.332
2020-03-16 22:06:08,039 Epoch:  2 | i: 0 | iter:   200 | LR: 0.0100 | Loss Val: 398372.500 | Loss Avg: 411200.304
2020-03-16 22:06:13,614 Epoch:  2 | i: 0 | iter:   300 | LR: 0.0100 | Loss Val: 401732.562 | Loss Avg: 407451.334
2020-03-16 22:06:19,232 Epoch:  2 | i: 0 | iter:   400 | LR: 0.0100 | Loss Val: 406229.094 | Loss Avg: 405376.937
2020-03-16 22:06:24,841 Epoch:  2 | i: 0 | iter:   500 | LR: 0.0100 | Loss Val: 399139.844 | Loss Avg: 404037.382
2020-03-16 22:06:30,500 Epoch:  2 | i: 0 | iter:   600 | LR: 0.0100 | Loss Val: 407903.938 | Loss Avg: 403236.765
2020-03-16 22:06:36,130 Epoch:  2 | i: 0 | iter:   700 | LR: 0.0100 | Loss Val: 387508.750 | Loss Avg: 402501.689
2020-03-16 22:06:41,781 Epoch:  2 | i: 0 | iter:   800 | LR: 0.0100 | Loss Val: 398391.312 | Loss Avg: 401866.988
2020-03-16 22:06:47,434 Epoch:  2 | i: 0 | iter:   900 | LR: 0.0100 | Loss Val: 402101.125 | Loss Avg: 401417.136
2020-03-16 22:06:53,067 Epoch:  2 | i: 0 | iter:  1000 | LR: 0.0050 | Loss Val: 392954.188 | Loss Avg: 401178.043
2020-03-16 22:06:58,706 Epoch:  2 | i: 0 | iter:  1100 | LR: 0.0050 | Loss Val: 236789.781 | Loss Avg: 387722.743
2020-03-16 22:07:04,372 Epoch:  2 | i: 0 | iter:  1200 | LR: 0.0050 | Loss Val: 222730.328 | Loss Avg: 374832.061
2020-03-16 22:07:10,033 Epoch:  2 | i: 0 | iter:  1300 | LR: 0.0050 | Loss Val: 219697.625 | Loss Avg: 363304.802
2020-03-16 22:07:15,673 Epoch:  2 | i: 0 | iter:  1400 | LR: 0.0050 | Loss Val: 212785.719 | Loss Avg: 353112.331
2020-03-16 22:07:21,336 Epoch:  2 | i: 0 | iter:  1500 | LR: 0.0050 | Loss Val: 214635.266 | Loss Avg: 344098.438
2020-03-16 22:07:26,971 Epoch:  2 | i: 0 | iter:  1600 | LR: 0.0050 | Loss Val: 221929.594 | Loss Avg: 336069.103
2020-03-16 22:07:32,625 Epoch:  2 | i: 0 | iter:  1700 | LR: 0.0050 | Loss Val: 212808.672 | Loss Avg: 328846.027
2020-03-16 22:07:38,264 Epoch:  2 | i: 0 | iter:  1800 | LR: 0.0050 | Loss Val: 208790.797 | Loss Avg: 322434.264
2020-03-16 22:07:43,919 Epoch:  2 | i: 0 | iter:  1900 | LR: 0.0050 | Loss Val: 213573.656 | Loss Avg: 316688.239
2020-03-16 22:07:49,569 Epoch:  2 | i: 0 | iter:  2000 | LR: 0.0025 | Loss Val: 200555.844 | Loss Avg: 311395.465
2020-03-16 22:07:55,228 Epoch:  2 | i: 0 | iter:  2100 | LR: 0.0025 | Loss Val: 45017.715 | Loss Avg: 299979.261
2020-03-16 22:08:00,858 Epoch:  2 | i: 0 | iter:  2200 | LR: 0.0025 | Loss Val: 29488.078 | Loss Avg: 288055.378
2020-03-16 22:08:06,497 Epoch:  2 | i: 0 | iter:  2300 | LR: 0.0025 | Loss Val: 28950.770 | Loss Avg: 276752.185
2020-03-16 22:08:12,159 Epoch:  2 | i: 0 | iter:  2400 | LR: 0.0025 | Loss Val: 21553.523 | Loss Avg: 266204.370
2020-03-16 22:08:17,805 Epoch:  2 | i: 0 | iter:  2500 | LR: 0.0025 | Loss Val: 18091.781 | Loss Avg: 256389.842
2020-03-16 22:08:23,463 Epoch:  2 | i: 0 | iter:  2600 | LR: 0.0025 | Loss Val: 19669.586 | Loss Avg: 247276.751
2020-03-16 22:08:29,118 Epoch:  2 | i: 0 | iter:  2700 | LR: 0.0025 | Loss Val: 18173.684 | Loss Avg: 238816.291
2020-03-16 22:08:34,752 Epoch:  2 | i: 0 | iter:  2800 | LR: 0.0025 | Loss Val: 18679.307 | Loss Avg: 230921.885
2020-03-16 22:08:40,423 Epoch:  2 | i: 0 | iter:  2900 | LR: 0.0025 | Loss Val: 19946.693 | Loss Avg: 223548.995
2020-03-16 22:08:46,073 Epoch:  2 | i: 0 | iter:  3000 | LR: 0.0013 | Loss Val: 17838.479 | Loss Avg: 216660.232
2020-03-16 22:08:51,710 Epoch:  2 | i: 0 | iter:  3100 | LR: 0.0013 | Loss Val: 5548.720 | Loss Avg: 209883.234
2020-03-16 22:08:57,394 Epoch:  2 | i: 0 | iter:  3200 | LR: 0.0013 | Loss Val: 5207.145 | Loss Avg: 203492.526
2020-03-16 22:09:03,035 Epoch:  2 | i: 0 | iter:  3300 | LR: 0.0013 | Loss Val: 4928.852 | Loss Avg: 197480.174
2020-03-16 22:09:08,704 Epoch:  2 | i: 0 | iter:  3400 | LR: 0.0013 | Loss Val: 4789.781 | Loss Avg: 191815.463
2020-03-16 22:09:14,373 Epoch:  2 | i: 0 | iter:  3500 | LR: 0.0013 | Loss Val: 4641.815 | Loss Avg: 186470.380
2020-03-16 22:09:20,034 Epoch:  2 | i: 0 | iter:  3600 | LR: 0.0013 | Loss Val: 4461.987 | Loss Avg: 181418.764
2020-03-16 22:09:25,679 Epoch:  2 | i: 0 | iter:  3700 | LR: 0.0013 | Loss Val: 4433.553 | Loss Avg: 176637.100
2020-03-16 22:09:31,351 Epoch:  2 | i: 0 | iter:  3800 | LR: 0.0013 | Loss Val: 4655.814 | Loss Avg: 172124.897
2020-03-16 22:09:37,006 Epoch:  2 | i: 0 | iter:  3900 | LR: 0.0013 | Loss Val: 4398.429 | Loss Avg: 167827.017
2020-03-16 22:09:42,678 Epoch:  2 | i: 0 | iter:  4000 | LR: 0.0006 | Loss Val: 4228.717 | Loss Avg: 163739.769
2020-03-16 22:09:48,372 Epoch:  2 | i: 0 | iter:  4100 | LR: 0.0006 | Loss Val: 3824.555 | Loss Avg: 159841.343
2020-03-16 22:09:54,083 Epoch:  2 | i: 0 | iter:  4200 | LR: 0.0006 | Loss Val: 3770.202 | Loss Avg: 156126.865
2020-03-16 22:09:59,733 Epoch:  2 | i: 0 | iter:  4300 | LR: 0.0006 | Loss Val: 3724.860 | Loss Avg: 152583.970
2020-03-16 22:10:05,407 Epoch:  2 | i: 0 | iter:  4400 | LR: 0.0006 | Loss Val: 3682.671 | Loss Avg: 149201.077
2020-03-16 22:10:11,099 Epoch:  2 | i: 0 | iter:  4500 | LR: 0.0006 | Loss Val: 3643.876 | Loss Avg: 145967.595
2020-03-16 22:10:16,800 Epoch:  2 | i: 0 | iter:  4600 | LR: 0.0006 | Loss Val: 3605.956 | Loss Avg: 142873.853
2020-03-16 22:10:22,509 Epoch:  2 | i: 0 | iter:  4700 | LR: 0.0006 | Loss Val: 3572.838 | Loss Avg: 139910.960
2020-03-16 22:10:28,209 Epoch:  2 | i: 0 | iter:  4800 | LR: 0.0006 | Loss Val: 3537.892 | Loss Avg: 137070.816
2020-03-16 22:10:33,919 Epoch:  2 | i: 0 | iter:  4900 | LR: 0.0006 | Loss Val: 3514.734 | Loss Avg: 134345.911
2020-03-16 22:10:40,999 Epoch:  2 | i: 1 | iter:     0 | LR: 0.0100 | Loss Val: 860713.875 | Loss Avg: 131900.763
2020-03-16 22:10:46,663 Epoch:  2 | i: 1 | iter:   100 | LR: 0.0100 | Loss Val: 389381.000 | Loss Avg: 137393.709
2020-03-16 22:10:52,313 Epoch:  2 | i: 1 | iter:   200 | LR: 0.0100 | Loss Val: 392722.625 | Loss Avg: 142389.565
2020-03-16 22:10:57,983 Epoch:  2 | i: 1 | iter:   300 | LR: 0.0100 | Loss Val: 392949.625 | Loss Avg: 147168.343
2020-03-16 22:11:03,675 Epoch:  2 | i: 1 | iter:   400 | LR: 0.0100 | Loss Val: 397518.250 | Loss Avg: 151770.844
2020-03-16 22:11:09,371 Epoch:  2 | i: 1 | iter:   500 | LR: 0.0100 | Loss Val: 393072.875 | Loss Avg: 156214.120
2020-03-16 22:11:15,049 Epoch:  2 | i: 1 | iter:   600 | LR: 0.0100 | Loss Val: 396272.875 | Loss Avg: 160499.786
2020-03-16 22:11:20,721 Epoch:  2 | i: 1 | iter:   700 | LR: 0.0100 | Loss Val: 398089.219 | Loss Avg: 164626.014
2020-03-16 22:11:26,413 Epoch:  2 | i: 1 | iter:   800 | LR: 0.0100 | Loss Val: 389320.500 | Loss Avg: 168601.536
2020-03-16 22:11:32,107 Epoch:  2 | i: 1 | iter:   900 | LR: 0.0100 | Loss Val: 399702.812 | Loss Avg: 172444.570
2020-03-16 22:11:37,801 Epoch:  2 | i: 1 | iter:  1000 | LR: 0.0050 | Loss Val: 393437.750 | Loss Avg: 176153.337
2020-03-16 22:11:43,491 Epoch:  2 | i: 1 | iter:  1100 | LR: 0.0050 | Loss Val: 243741.188 | Loss Avg: 177445.738
2020-03-16 22:11:49,165 Epoch:  2 | i: 1 | iter:  1200 | LR: 0.0050 | Loss Val: 232564.812 | Loss Avg: 178355.756
2020-03-16 22:11:54,844 Epoch:  2 | i: 1 | iter:  1300 | LR: 0.0050 | Loss Val: 235558.062 | Loss Avg: 179131.807
2020-03-16 22:12:00,547 Epoch:  2 | i: 1 | iter:  1400 | LR: 0.0050 | Loss Val: 227164.188 | Loss Avg: 179851.239
2020-03-16 22:12:06,234 Epoch:  2 | i: 1 | iter:  1500 | LR: 0.0050 | Loss Val: 233921.609 | Loss Avg: 180513.205
2020-03-16 22:12:11,885 Epoch:  2 | i: 1 | iter:  1600 | LR: 0.0050 | Loss Val: 219850.438 | Loss Avg: 181097.718
2020-03-16 22:12:17,544 Epoch:  2 | i: 1 | iter:  1700 | LR: 0.0050 | Loss Val: 216733.094 | Loss Avg: 181635.433
2020-03-16 22:12:23,215 Epoch:  2 | i: 1 | iter:  1800 | LR: 0.0050 | Loss Val: 221681.562 | Loss Avg: 182162.573
2020-03-16 22:12:28,867 Epoch:  2 | i: 1 | iter:  1900 | LR: 0.0050 | Loss Val: 214164.062 | Loss Avg: 182649.212
2020-03-16 22:12:34,518 Epoch:  2 | i: 1 | iter:  2000 | LR: 0.0025 | Loss Val: 204149.594 | Loss Avg: 183116.234
2020-03-16 22:12:40,225 Epoch:  2 | i: 1 | iter:  2100 | LR: 0.0025 | Loss Val: 44857.500 | Loss Avg: 181594.274
2020-03-16 22:12:45,912 Epoch:  2 | i: 1 | iter:  2200 | LR: 0.0025 | Loss Val: 29066.457 | Loss Avg: 179610.759
2020-03-16 22:12:51,576 Epoch:  2 | i: 1 | iter:  2300 | LR: 0.0025 | Loss Val: 27455.338 | Loss Avg: 177558.212
2020-03-16 22:12:57,270 Epoch:  2 | i: 1 | iter:  2400 | LR: 0.0025 | Loss Val: 26211.217 | Loss Avg: 175511.780
2020-03-16 22:13:02,948 Epoch:  2 | i: 1 | iter:  2500 | LR: 0.0025 | Loss Val: 21283.496 | Loss Avg: 173484.047
2020-03-16 22:13:08,634 Epoch:  2 | i: 1 | iter:  2600 | LR: 0.0025 | Loss Val: 17400.791 | Loss Avg: 171477.327
2020-03-16 22:13:14,305 Epoch:  2 | i: 1 | iter:  2700 | LR: 0.0025 | Loss Val: 17631.035 | Loss Avg: 169494.489
2020-03-16 22:13:19,960 Epoch:  2 | i: 1 | iter:  2800 | LR: 0.0025 | Loss Val: 15737.840 | Loss Avg: 167546.352
2020-03-16 22:13:25,635 Epoch:  2 | i: 1 | iter:  2900 | LR: 0.0025 | Loss Val: 15666.556 | Loss Avg: 165619.776
2020-03-16 22:13:31,299 Epoch:  2 | i: 1 | iter:  3000 | LR: 0.0013 | Loss Val: 13948.111 | Loss Avg: 163729.880
2020-03-16 22:13:36,951 Epoch:  2 | i: 1 | iter:  3100 | LR: 0.0013 | Loss Val: 4609.054 | Loss Avg: 161774.106
2020-03-16 22:13:42,636 Epoch:  2 | i: 1 | iter:  3200 | LR: 0.0013 | Loss Val: 4270.566 | Loss Avg: 159855.013
2020-03-16 22:13:48,302 Epoch:  2 | i: 1 | iter:  3300 | LR: 0.0013 | Loss Val: 4105.025 | Loss Avg: 157979.016
2020-03-16 22:13:53,975 Epoch:  2 | i: 1 | iter:  3400 | LR: 0.0013 | Loss Val: 3900.414 | Loss Avg: 156145.689
2020-03-16 22:13:59,625 Epoch:  2 | i: 1 | iter:  3500 | LR: 0.0013 | Loss Val: 3739.208 | Loss Avg: 154353.702
2020-03-16 22:14:05,299 Epoch:  2 | i: 1 | iter:  3600 | LR: 0.0013 | Loss Val: 3756.393 | Loss Avg: 152602.031
2020-03-16 22:14:10,973 Epoch:  2 | i: 1 | iter:  3700 | LR: 0.0013 | Loss Val: 3573.390 | Loss Avg: 150889.759
2020-03-16 22:14:16,635 Epoch:  2 | i: 1 | iter:  3800 | LR: 0.0013 | Loss Val: 3420.430 | Loss Avg: 149215.292
2020-03-16 22:14:22,353 Epoch:  2 | i: 1 | iter:  3900 | LR: 0.0013 | Loss Val: 3445.685 | Loss Avg: 147577.749
2020-03-16 22:14:28,037 Epoch:  2 | i: 1 | iter:  4000 | LR: 0.0006 | Loss Val: 3357.618 | Loss Avg: 145975.539
2020-03-16 22:14:33,722 Epoch:  2 | i: 1 | iter:  4100 | LR: 0.0006 | Loss Val: 3013.813 | Loss Avg: 144405.042
2020-03-16 22:14:39,415 Epoch:  2 | i: 1 | iter:  4200 | LR: 0.0006 | Loss Val: 2971.163 | Loss Avg: 142868.107
2020-03-16 22:14:45,094 Epoch:  2 | i: 1 | iter:  4300 | LR: 0.0006 | Loss Val: 2933.694 | Loss Avg: 141363.795
2020-03-16 22:14:50,769 Epoch:  2 | i: 1 | iter:  4400 | LR: 0.0006 | Loss Val: 2899.239 | Loss Avg: 139891.109
2020-03-16 22:14:56,437 Epoch:  2 | i: 1 | iter:  4500 | LR: 0.0006 | Loss Val: 2868.575 | Loss Avg: 138449.077
2020-03-16 22:15:02,099 Epoch:  2 | i: 1 | iter:  4600 | LR: 0.0006 | Loss Val: 2837.690 | Loss Avg: 137036.763
2020-03-16 22:15:07,779 Epoch:  2 | i: 1 | iter:  4700 | LR: 0.0006 | Loss Val: 2808.500 | Loss Avg: 135653.259
2020-03-16 22:15:13,446 Epoch:  2 | i: 1 | iter:  4800 | LR: 0.0006 | Loss Val: 2780.704 | Loss Avg: 134297.700
2020-03-16 22:15:19,089 Epoch:  2 | i: 1 | iter:  4900 | LR: 0.0006 | Loss Val: 2753.727 | Loss Avg: 132969.253
2020-03-16 22:15:25,457 Training complete one epoch in 9m 32s
2020-03-16 22:15:25,916 Using single source for this experiment.
2020-03-16 22:15:25,922 Number of target images:200
2020-03-16 22:15:25,922 Number of source images:200
2020-03-16 22:15:29,721 Epoch:  3 | i: 0 | iter:     0 | LR: 0.0100 | Loss Val: 834674.125 | Loss Avg: 834674.125
2020-03-16 22:15:35,293 Epoch:  3 | i: 0 | iter:   100 | LR: 0.0100 | Loss Val: 379720.875 | Loss Avg: 396265.095
2020-03-16 22:15:40,907 Epoch:  3 | i: 0 | iter:   200 | LR: 0.0100 | Loss Val: 384130.312 | Loss Avg: 386658.292
2020-03-16 22:15:46,564 Epoch:  3 | i: 0 | iter:   300 | LR: 0.0100 | Loss Val: 374351.125 | Loss Avg: 382883.629
2020-03-16 22:15:52,220 Epoch:  3 | i: 0 | iter:   400 | LR: 0.0100 | Loss Val: 379341.406 | Loss Avg: 380938.954
2020-03-16 22:15:57,881 Epoch:  3 | i: 0 | iter:   500 | LR: 0.0100 | Loss Val: 371989.812 | Loss Avg: 379491.200
2020-03-16 22:16:03,538 Epoch:  3 | i: 0 | iter:   600 | LR: 0.0100 | Loss Val: 377666.625 | Loss Avg: 378530.826
2020-03-16 22:16:09,233 Epoch:  3 | i: 0 | iter:   700 | LR: 0.0100 | Loss Val: 382288.406 | Loss Avg: 377852.292
2020-03-16 22:16:14,910 Epoch:  3 | i: 0 | iter:   800 | LR: 0.0100 | Loss Val: 373296.031 | Loss Avg: 377261.156
2020-03-16 22:16:20,559 Epoch:  3 | i: 0 | iter:   900 | LR: 0.0100 | Loss Val: 366725.062 | Loss Avg: 376837.663
2020-03-16 22:16:26,234 Epoch:  3 | i: 0 | iter:  1000 | LR: 0.0050 | Loss Val: 381048.281 | Loss Avg: 376577.383
2020-03-16 22:16:31,950 Epoch:  3 | i: 0 | iter:  1100 | LR: 0.0050 | Loss Val: 222493.656 | Loss Avg: 364068.756
2020-03-16 22:16:37,600 Epoch:  3 | i: 0 | iter:  1200 | LR: 0.0050 | Loss Val: 205181.719 | Loss Avg: 351990.673
2020-03-16 22:16:43,281 Epoch:  3 | i: 0 | iter:  1300 | LR: 0.0050 | Loss Val: 200452.031 | Loss Avg: 341302.657
2020-03-16 22:16:48,969 Epoch:  3 | i: 0 | iter:  1400 | LR: 0.0050 | Loss Val: 202317.344 | Loss Avg: 331889.117
2020-03-16 22:16:54,661 Epoch:  3 | i: 0 | iter:  1500 | LR: 0.0050 | Loss Val: 208596.000 | Loss Avg: 323554.855
2020-03-16 22:17:00,353 Epoch:  3 | i: 0 | iter:  1600 | LR: 0.0050 | Loss Val: 208929.594 | Loss Avg: 316085.147
2020-03-16 22:17:06,018 Epoch:  3 | i: 0 | iter:  1700 | LR: 0.0050 | Loss Val: 200443.922 | Loss Avg: 309456.058
2020-03-16 22:17:11,692 Epoch:  3 | i: 0 | iter:  1800 | LR: 0.0050 | Loss Val: 202788.922 | Loss Avg: 303531.459
2020-03-16 22:17:17,373 Epoch:  3 | i: 0 | iter:  1900 | LR: 0.0050 | Loss Val: 208486.422 | Loss Avg: 298178.680
2020-03-16 22:17:23,053 Epoch:  3 | i: 0 | iter:  2000 | LR: 0.0025 | Loss Val: 201153.188 | Loss Avg: 293363.981
2020-03-16 22:17:28,724 Epoch:  3 | i: 0 | iter:  2100 | LR: 0.0025 | Loss Val: 46960.406 | Loss Avg: 282893.183
2020-03-16 22:17:34,387 Epoch:  3 | i: 0 | iter:  2200 | LR: 0.0025 | Loss Val: 33653.703 | Loss Avg: 271879.828
2020-03-16 22:17:40,052 Epoch:  3 | i: 0 | iter:  2300 | LR: 0.0025 | Loss Val: 30526.129 | Loss Avg: 261441.820
2020-03-16 22:17:45,725 Epoch:  3 | i: 0 | iter:  2400 | LR: 0.0025 | Loss Val: 25947.346 | Loss Avg: 251718.923
2020-03-16 22:17:51,421 Epoch:  3 | i: 0 | iter:  2500 | LR: 0.0025 | Loss Val: 24288.258 | Loss Avg: 242684.201
2020-03-16 22:17:57,135 Epoch:  3 | i: 0 | iter:  2600 | LR: 0.0025 | Loss Val: 24894.316 | Loss Avg: 234293.786
2020-03-16 22:18:02,822 Epoch:  3 | i: 0 | iter:  2700 | LR: 0.0025 | Loss Val: 20870.441 | Loss Avg: 226483.138
2020-03-16 22:18:08,502 Epoch:  3 | i: 0 | iter:  2800 | LR: 0.0025 | Loss Val: 19727.238 | Loss Avg: 219177.361
2020-03-16 22:18:14,190 Epoch:  3 | i: 0 | iter:  2900 | LR: 0.0025 | Loss Val: 20518.566 | Loss Avg: 212350.184
2020-03-16 22:18:19,892 Epoch:  3 | i: 0 | iter:  3000 | LR: 0.0013 | Loss Val: 18622.094 | Loss Avg: 205968.304
2020-03-16 22:18:25,577 Epoch:  3 | i: 0 | iter:  3100 | LR: 0.0013 | Loss Val: 4925.021 | Loss Avg: 199529.281
2020-03-16 22:18:31,274 Epoch:  3 | i: 0 | iter:  3200 | LR: 0.0013 | Loss Val: 4413.181 | Loss Avg: 193441.338
2020-03-16 22:18:36,956 Epoch:  3 | i: 0 | iter:  3300 | LR: 0.0013 | Loss Val: 4240.519 | Loss Avg: 187712.261
2020-03-16 22:18:42,666 Epoch:  3 | i: 0 | iter:  3400 | LR: 0.0013 | Loss Val: 3984.196 | Loss Avg: 182313.829
2020-03-16 22:18:48,343 Epoch:  3 | i: 0 | iter:  3500 | LR: 0.0013 | Loss Val: 3853.226 | Loss Avg: 177219.206
2020-03-16 22:18:54,038 Epoch:  3 | i: 0 | iter:  3600 | LR: 0.0013 | Loss Val: 3788.707 | Loss Avg: 172403.423
2020-03-16 22:18:59,764 Epoch:  3 | i: 0 | iter:  3700 | LR: 0.0013 | Loss Val: 3637.585 | Loss Avg: 167845.610
2020-03-16 22:19:05,455 Epoch:  3 | i: 0 | iter:  3800 | LR: 0.0013 | Loss Val: 3593.092 | Loss Avg: 163525.624
2020-03-16 22:19:11,177 Epoch:  3 | i: 0 | iter:  3900 | LR: 0.0013 | Loss Val: 3471.042 | Loss Avg: 159424.690
2020-03-16 22:19:16,837 Epoch:  3 | i: 0 | iter:  4000 | LR: 0.0006 | Loss Val: 3513.120 | Loss Avg: 155527.220
2020-03-16 22:19:22,542 Epoch:  3 | i: 0 | iter:  4100 | LR: 0.0006 | Loss Val: 3092.274 | Loss Avg: 151811.022
2020-03-16 22:19:28,233 Epoch:  3 | i: 0 | iter:  4200 | LR: 0.0006 | Loss Val: 3046.831 | Loss Avg: 148270.378
2020-03-16 22:19:33,910 Epoch:  3 | i: 0 | iter:  4300 | LR: 0.0006 | Loss Val: 3008.808 | Loss Avg: 144893.421
2020-03-16 22:19:39,602 Epoch:  3 | i: 0 | iter:  4400 | LR: 0.0006 | Loss Val: 2978.528 | Loss Avg: 141669.125
2020-03-16 22:19:45,297 Epoch:  3 | i: 0 | iter:  4500 | LR: 0.0006 | Loss Val: 2942.089 | Loss Avg: 138587.364
2020-03-16 22:19:50,977 Epoch:  3 | i: 0 | iter:  4600 | LR: 0.0006 | Loss Val: 2910.245 | Loss Avg: 135638.902
2020-03-16 22:19:56,698 Epoch:  3 | i: 0 | iter:  4700 | LR: 0.0006 | Loss Val: 2885.827 | Loss Avg: 132815.258
2020-03-16 22:20:02,382 Epoch:  3 | i: 0 | iter:  4800 | LR: 0.0006 | Loss Val: 2857.170 | Loss Avg: 130108.658
2020-03-16 22:20:08,080 Epoch:  3 | i: 0 | iter:  4900 | LR: 0.0006 | Loss Val: 2830.136 | Loss Avg: 127511.987
2020-03-16 22:20:15,140 Epoch:  3 | i: 1 | iter:     0 | LR: 0.0100 | Loss Val: 904681.750 | Loss Avg: 125198.965
2020-03-16 22:20:20,832 Epoch:  3 | i: 1 | iter:   100 | LR: 0.0100 | Loss Val: 404579.500 | Loss Avg: 131088.567
2020-03-16 22:20:26,506 Epoch:  3 | i: 1 | iter:   200 | LR: 0.0100 | Loss Val: 416259.094 | Loss Avg: 136519.332
2020-03-16 22:20:32,186 Epoch:  3 | i: 1 | iter:   300 | LR: 0.0100 | Loss Val: 406946.844 | Loss Avg: 141706.812
2020-03-16 22:20:37,871 Epoch:  3 | i: 1 | iter:   400 | LR: 0.0100 | Loss Val: 412159.375 | Loss Avg: 146681.346
2020-03-16 22:20:43,560 Epoch:  3 | i: 1 | iter:   500 | LR: 0.0100 | Loss Val: 413225.188 | Loss Avg: 151487.222
2020-03-16 22:20:49,242 Epoch:  3 | i: 1 | iter:   600 | LR: 0.0100 | Loss Val: 409235.688 | Loss Avg: 156122.195
2020-03-16 22:20:54,937 Epoch:  3 | i: 1 | iter:   700 | LR: 0.0100 | Loss Val: 403910.812 | Loss Avg: 160602.522
2020-03-16 22:21:00,679 Epoch:  3 | i: 1 | iter:   800 | LR: 0.0100 | Loss Val: 415240.750 | Loss Avg: 164894.506
2020-03-16 22:21:06,386 Epoch:  3 | i: 1 | iter:   900 | LR: 0.0100 | Loss Val: 405223.188 | Loss Avg: 169068.492
2020-03-16 22:21:12,065 Epoch:  3 | i: 1 | iter:  1000 | LR: 0.0050 | Loss Val: 404067.438 | Loss Avg: 173100.903
2020-03-16 22:21:17,774 Epoch:  3 | i: 1 | iter:  1100 | LR: 0.0050 | Loss Val: 262298.844 | Loss Avg: 174631.057
2020-03-16 22:21:23,461 Epoch:  3 | i: 1 | iter:  1200 | LR: 0.0050 | Loss Val: 236394.781 | Loss Avg: 175808.773
2020-03-16 22:21:29,138 Epoch:  3 | i: 1 | iter:  1300 | LR: 0.0050 | Loss Val: 240084.000 | Loss Avg: 176870.949
2020-03-16 22:21:34,830 Epoch:  3 | i: 1 | iter:  1400 | LR: 0.0050 | Loss Val: 230558.156 | Loss Avg: 177786.612
2020-03-16 22:21:40,507 Epoch:  3 | i: 1 | iter:  1500 | LR: 0.0050 | Loss Val: 239449.734 | Loss Avg: 178620.640
2020-03-16 22:21:46,192 Epoch:  3 | i: 1 | iter:  1600 | LR: 0.0050 | Loss Val: 228579.359 | Loss Avg: 179404.577
2020-03-16 22:21:51,892 Epoch:  3 | i: 1 | iter:  1700 | LR: 0.0050 | Loss Val: 228635.812 | Loss Avg: 180129.246
2020-03-16 22:21:57,604 Epoch:  3 | i: 1 | iter:  1800 | LR: 0.0050 | Loss Val: 232315.469 | Loss Avg: 180807.775
2020-03-16 22:22:03,298 Epoch:  3 | i: 1 | iter:  1900 | LR: 0.0050 | Loss Val: 216935.156 | Loss Avg: 181475.486
2020-03-16 22:22:08,967 Epoch:  3 | i: 1 | iter:  2000 | LR: 0.0025 | Loss Val: 220875.516 | Loss Avg: 182090.205
2020-03-16 22:22:14,677 Epoch:  3 | i: 1 | iter:  2100 | LR: 0.0025 | Loss Val: 49833.312 | Loss Avg: 180603.228
2020-03-16 22:22:20,358 Epoch:  3 | i: 1 | iter:  2200 | LR: 0.0025 | Loss Val: 34842.273 | Loss Avg: 178654.473
2020-03-16 22:22:26,071 Epoch:  3 | i: 1 | iter:  2300 | LR: 0.0025 | Loss Val: 25443.719 | Loss Avg: 176592.310
2020-03-16 22:22:31,760 Epoch:  3 | i: 1 | iter:  2400 | LR: 0.0025 | Loss Val: 20097.436 | Loss Avg: 174505.072
2020-03-16 22:22:37,457 Epoch:  3 | i: 1 | iter:  2500 | LR: 0.0025 | Loss Val: 19290.225 | Loss Avg: 172437.529
2020-03-16 22:22:43,156 Epoch:  3 | i: 1 | iter:  2600 | LR: 0.0025 | Loss Val: 17232.129 | Loss Avg: 170407.051
2020-03-16 22:22:48,844 Epoch:  3 | i: 1 | iter:  2700 | LR: 0.0025 | Loss Val: 16660.336 | Loss Avg: 168414.657
2020-03-16 22:22:54,521 Epoch:  3 | i: 1 | iter:  2800 | LR: 0.0025 | Loss Val: 14746.448 | Loss Avg: 166456.160
2020-03-16 22:23:00,176 Epoch:  3 | i: 1 | iter:  2900 | LR: 0.0025 | Loss Val: 14995.078 | Loss Avg: 164536.394
2020-03-16 22:23:05,859 Epoch:  3 | i: 1 | iter:  3000 | LR: 0.0013 | Loss Val: 13062.145 | Loss Avg: 162657.432
2020-03-16 22:23:11,567 Epoch:  3 | i: 1 | iter:  3100 | LR: 0.0013 | Loss Val: 4918.482 | Loss Avg: 160718.874
2020-03-16 22:23:17,284 Epoch:  3 | i: 1 | iter:  3200 | LR: 0.0013 | Loss Val: 4596.317 | Loss Avg: 158817.037
2020-03-16 22:23:22,993 Epoch:  3 | i: 1 | iter:  3300 | LR: 0.0013 | Loss Val: 4424.008 | Loss Avg: 156958.178
2020-03-16 22:23:28,723 Epoch:  3 | i: 1 | iter:  3400 | LR: 0.0013 | Loss Val: 4226.575 | Loss Avg: 155141.419
2020-03-16 22:23:34,425 Epoch:  3 | i: 1 | iter:  3500 | LR: 0.0013 | Loss Val: 4180.967 | Loss Avg: 153365.568
2020-03-16 22:23:40,131 Epoch:  3 | i: 1 | iter:  3600 | LR: 0.0013 | Loss Val: 4052.266 | Loss Avg: 151629.763
2020-03-16 22:23:45,837 Epoch:  3 | i: 1 | iter:  3700 | LR: 0.0013 | Loss Val: 3910.810 | Loss Avg: 149932.835
2020-03-16 22:23:51,522 Epoch:  3 | i: 1 | iter:  3800 | LR: 0.0013 | Loss Val: 3776.212 | Loss Avg: 148273.199
2020-03-16 22:23:57,216 Epoch:  3 | i: 1 | iter:  3900 | LR: 0.0013 | Loss Val: 3843.251 | Loss Avg: 146650.084
2020-03-16 22:24:02,891 Epoch:  3 | i: 1 | iter:  4000 | LR: 0.0006 | Loss Val: 3681.806 | Loss Avg: 145062.117
2020-03-16 22:24:08,612 Epoch:  3 | i: 1 | iter:  4100 | LR: 0.0006 | Loss Val: 3309.815 | Loss Avg: 143504.930
2020-03-16 22:24:14,291 Epoch:  3 | i: 1 | iter:  4200 | LR: 0.0006 | Loss Val: 3262.600 | Loss Avg: 141980.970
2020-03-16 22:24:19,975 Epoch:  3 | i: 1 | iter:  4300 | LR: 0.0006 | Loss Val: 3222.725 | Loss Avg: 140489.311
2020-03-16 22:24:25,628 Epoch:  3 | i: 1 | iter:  4400 | LR: 0.0006 | Loss Val: 3183.840 | Loss Avg: 139028.968
2020-03-16 22:24:31,334 Epoch:  3 | i: 1 | iter:  4500 | LR: 0.0006 | Loss Val: 3147.457 | Loss Avg: 137598.976
2020-03-16 22:24:37,000 Epoch:  3 | i: 1 | iter:  4600 | LR: 0.0006 | Loss Val: 3113.394 | Loss Avg: 136198.414
2020-03-16 22:24:42,668 Epoch:  3 | i: 1 | iter:  4700 | LR: 0.0006 | Loss Val: 3081.793 | Loss Avg: 134826.395
2020-03-16 22:24:48,364 Epoch:  3 | i: 1 | iter:  4800 | LR: 0.0006 | Loss Val: 3050.844 | Loss Avg: 133482.049
2020-03-16 22:24:54,085 Epoch:  3 | i: 1 | iter:  4900 | LR: 0.0006 | Loss Val: 3021.345 | Loss Avg: 132164.552
2020-03-16 22:25:00,473 Training complete one epoch in 9m 35s
2020-03-16 22:25:00,932 Using single source for this experiment.
2020-03-16 22:25:00,937 Number of target images:200
2020-03-16 22:25:00,937 Number of source images:200
2020-03-16 22:25:04,742 Epoch:  4 | i: 0 | iter:     0 | LR: 0.0100 | Loss Val: 892770.062 | Loss Avg: 892770.062
2020-03-16 22:25:10,327 Epoch:  4 | i: 0 | iter:   100 | LR: 0.0100 | Loss Val: 412000.688 | Loss Avg: 439779.079
2020-03-16 22:25:15,983 Epoch:  4 | i: 0 | iter:   200 | LR: 0.0100 | Loss Val: 427626.062 | Loss Avg: 430177.996
2020-03-16 22:25:21,623 Epoch:  4 | i: 0 | iter:   300 | LR: 0.0100 | Loss Val: 416677.312 | Loss Avg: 426174.025
2020-03-16 22:25:27,262 Epoch:  4 | i: 0 | iter:   400 | LR: 0.0100 | Loss Val: 421963.938 | Loss Avg: 424167.825
2020-03-16 22:25:32,935 Epoch:  4 | i: 0 | iter:   500 | LR: 0.0100 | Loss Val: 418084.875 | Loss Avg: 422853.685
2020-03-16 22:25:38,595 Epoch:  4 | i: 0 | iter:   600 | LR: 0.0100 | Loss Val: 418807.750 | Loss Avg: 421859.624
2020-03-16 22:25:44,274 Epoch:  4 | i: 0 | iter:   700 | LR: 0.0100 | Loss Val: 428398.812 | Loss Avg: 421060.472
2020-03-16 22:25:49,933 Epoch:  4 | i: 0 | iter:   800 | LR: 0.0100 | Loss Val: 413188.156 | Loss Avg: 420487.639
2020-03-16 22:25:55,612 Epoch:  4 | i: 0 | iter:   900 | LR: 0.0100 | Loss Val: 406882.625 | Loss Avg: 420028.488
2020-03-16 22:26:01,295 Epoch:  4 | i: 0 | iter:  1000 | LR: 0.0050 | Loss Val: 411387.438 | Loss Avg: 419656.875
2020-03-16 22:26:06,955 Epoch:  4 | i: 0 | iter:  1100 | LR: 0.0050 | Loss Val: 259995.922 | Loss Avg: 406423.699
2020-03-16 22:26:12,648 Epoch:  4 | i: 0 | iter:  1200 | LR: 0.0050 | Loss Val: 251079.828 | Loss Avg: 394051.605
2020-03-16 22:26:18,296 Epoch:  4 | i: 0 | iter:  1300 | LR: 0.0050 | Loss Val: 250028.031 | Loss Avg: 382987.296
2020-03-16 22:26:23,954 Epoch:  4 | i: 0 | iter:  1400 | LR: 0.0050 | Loss Val: 242098.984 | Loss Avg: 373319.774
2020-03-16 22:26:29,661 Epoch:  4 | i: 0 | iter:  1500 | LR: 0.0050 | Loss Val: 246622.594 | Loss Avg: 364857.132
2020-03-16 22:26:35,329 Epoch:  4 | i: 0 | iter:  1600 | LR: 0.0050 | Loss Val: 245801.031 | Loss Avg: 357313.858
2020-03-16 22:26:41,035 Epoch:  4 | i: 0 | iter:  1700 | LR: 0.0050 | Loss Val: 240900.406 | Loss Avg: 350566.058
2020-03-16 22:26:46,718 Epoch:  4 | i: 0 | iter:  1800 | LR: 0.0050 | Loss Val: 240027.500 | Loss Avg: 344574.813
2020-03-16 22:26:52,393 Epoch:  4 | i: 0 | iter:  1900 | LR: 0.0050 | Loss Val: 243815.750 | Loss Avg: 339121.105
2020-03-16 22:26:58,080 Epoch:  4 | i: 0 | iter:  2000 | LR: 0.0025 | Loss Val: 236934.453 | Loss Avg: 334095.711
2020-03-16 22:27:03,764 Epoch:  4 | i: 0 | iter:  2100 | LR: 0.0025 | Loss Val: 61339.617 | Loss Avg: 322319.656
2020-03-16 22:27:09,447 Epoch:  4 | i: 0 | iter:  2200 | LR: 0.0025 | Loss Val: 43124.766 | Loss Avg: 309963.136
2020-03-16 22:27:15,138 Epoch:  4 | i: 0 | iter:  2300 | LR: 0.0025 | Loss Val: 39184.516 | Loss Avg: 298309.731
2020-03-16 22:27:20,835 Epoch:  4 | i: 0 | iter:  2400 | LR: 0.0025 | Loss Val: 37468.109 | Loss Avg: 287493.841
2020-03-16 22:27:26,529 Epoch:  4 | i: 0 | iter:  2500 | LR: 0.0025 | Loss Val: 35464.828 | Loss Avg: 277455.711
2020-03-16 22:27:32,253 Epoch:  4 | i: 0 | iter:  2600 | LR: 0.0025 | Loss Val: 31809.467 | Loss Avg: 268120.125
2020-03-16 22:27:37,925 Epoch:  4 | i: 0 | iter:  2700 | LR: 0.0025 | Loss Val: 34653.531 | Loss Avg: 259464.338
2020-03-16 22:27:43,624 Epoch:  4 | i: 0 | iter:  2800 | LR: 0.0025 | Loss Val: 30495.320 | Loss Avg: 251369.466
2020-03-16 22:27:49,312 Epoch:  4 | i: 0 | iter:  2900 | LR: 0.0025 | Loss Val: 32405.766 | Loss Avg: 243776.325
2020-03-16 22:27:54,992 Epoch:  4 | i: 0 | iter:  3000 | LR: 0.0013 | Loss Val: 26081.230 | Loss Avg: 236645.748
2020-03-16 22:28:00,686 Epoch:  4 | i: 0 | iter:  3100 | LR: 0.0013 | Loss Val: 5821.874 | Loss Avg: 229278.835
2020-03-16 22:28:06,372 Epoch:  4 | i: 0 | iter:  3200 | LR: 0.0013 | Loss Val: 5271.049 | Loss Avg: 222285.582
2020-03-16 22:28:12,072 Epoch:  4 | i: 0 | iter:  3300 | LR: 0.0013 | Loss Val: 4864.289 | Loss Avg: 215701.714
2020-03-16 22:28:17,734 Epoch:  4 | i: 0 | iter:  3400 | LR: 0.0013 | Loss Val: 4594.759 | Loss Avg: 209498.210
2020-03-16 22:28:23,426 Epoch:  4 | i: 0 | iter:  3500 | LR: 0.0013 | Loss Val: 4457.013 | Loss Avg: 203642.780
2020-03-16 22:28:29,115 Epoch:  4 | i: 0 | iter:  3600 | LR: 0.0013 | Loss Val: 4208.906 | Loss Avg: 198108.297
2020-03-16 22:28:34,785 Epoch:  4 | i: 0 | iter:  3700 | LR: 0.0013 | Loss Val: 4385.471 | Loss Avg: 192870.120
2020-03-16 22:28:40,484 Epoch:  4 | i: 0 | iter:  3800 | LR: 0.0013 | Loss Val: 4006.089 | Loss Avg: 187904.894
2020-03-16 22:28:46,202 Epoch:  4 | i: 0 | iter:  3900 | LR: 0.0013 | Loss Val: 3974.059 | Loss Avg: 183190.494
2020-03-16 22:28:51,921 Epoch:  4 | i: 0 | iter:  4000 | LR: 0.0006 | Loss Val: 3863.476 | Loss Avg: 178711.430
2020-03-16 22:28:57,628 Epoch:  4 | i: 0 | iter:  4100 | LR: 0.0006 | Loss Val: 3417.831 | Loss Avg: 174438.110
2020-03-16 22:29:03,338 Epoch:  4 | i: 0 | iter:  4200 | LR: 0.0006 | Loss Val: 3359.395 | Loss Avg: 170366.442
2020-03-16 22:29:09,001 Epoch:  4 | i: 0 | iter:  4300 | LR: 0.0006 | Loss Val: 3312.678 | Loss Avg: 166482.884
2020-03-16 22:29:14,680 Epoch:  4 | i: 0 | iter:  4400 | LR: 0.0006 | Loss Val: 3270.131 | Loss Avg: 162774.805
2020-03-16 22:29:20,388 Epoch:  4 | i: 0 | iter:  4500 | LR: 0.0006 | Loss Val: 3231.501 | Loss Avg: 159230.589
2020-03-16 22:29:26,065 Epoch:  4 | i: 0 | iter:  4600 | LR: 0.0006 | Loss Val: 3190.801 | Loss Avg: 155839.627
2020-03-16 22:29:31,742 Epoch:  4 | i: 0 | iter:  4700 | LR: 0.0006 | Loss Val: 3158.803 | Loss Avg: 152592.178
2020-03-16 22:29:37,422 Epoch:  4 | i: 0 | iter:  4800 | LR: 0.0006 | Loss Val: 3128.927 | Loss Avg: 149479.304
2020-03-16 22:29:43,107 Epoch:  4 | i: 0 | iter:  4900 | LR: 0.0006 | Loss Val: 3093.151 | Loss Avg: 146492.811
2020-03-16 22:29:50,158 Epoch:  4 | i: 1 | iter:     0 | LR: 0.0100 | Loss Val: 900544.500 | Loss Avg: 143804.596
2020-03-16 22:29:55,816 Epoch:  4 | i: 1 | iter:   100 | LR: 0.0100 | Loss Val: 415071.312 | Loss Avg: 149359.730
2020-03-16 22:30:01,499 Epoch:  4 | i: 1 | iter:   200 | LR: 0.0100 | Loss Val: 409519.625 | Loss Avg: 154457.804
2020-03-16 22:30:07,206 Epoch:  4 | i: 1 | iter:   300 | LR: 0.0100 | Loss Val: 406439.312 | Loss Avg: 159315.824
2020-03-16 22:30:12,898 Epoch:  4 | i: 1 | iter:   400 | LR: 0.0100 | Loss Val: 420355.812 | Loss Avg: 164000.527
2020-03-16 22:30:18,533 Epoch:  4 | i: 1 | iter:   500 | LR: 0.0100 | Loss Val: 412902.094 | Loss Avg: 168499.829
2020-03-16 22:30:24,200 Epoch:  4 | i: 1 | iter:   600 | LR: 0.0100 | Loss Val: 413900.312 | Loss Avg: 172843.262
2020-03-16 22:30:29,860 Epoch:  4 | i: 1 | iter:   700 | LR: 0.0100 | Loss Val: 403704.719 | Loss Avg: 177030.338
2020-03-16 22:30:35,537 Epoch:  4 | i: 1 | iter:   800 | LR: 0.0100 | Loss Val: 407572.375 | Loss Avg: 181068.734
2020-03-16 22:30:41,203 Epoch:  4 | i: 1 | iter:   900 | LR: 0.0100 | Loss Val: 409490.188 | Loss Avg: 184974.719
2020-03-16 22:30:46,864 Epoch:  4 | i: 1 | iter:  1000 | LR: 0.0050 | Loss Val: 415780.875 | Loss Avg: 188754.551
2020-03-16 22:30:52,553 Epoch:  4 | i: 1 | iter:  1100 | LR: 0.0050 | Loss Val: 247243.875 | Loss Avg: 189984.758
2020-03-16 22:30:58,208 Epoch:  4 | i: 1 | iter:  1200 | LR: 0.0050 | Loss Val: 249411.969 | Loss Avg: 190898.895
2020-03-16 22:31:03,896 Epoch:  4 | i: 1 | iter:  1300 | LR: 0.0050 | Loss Val: 240884.812 | Loss Avg: 191648.849
2020-03-16 22:31:09,569 Epoch:  4 | i: 1 | iter:  1400 | LR: 0.0050 | Loss Val: 241251.844 | Loss Avg: 192306.531
2020-03-16 22:31:15,226 Epoch:  4 | i: 1 | iter:  1500 | LR: 0.0050 | Loss Val: 230944.203 | Loss Avg: 192905.195
2020-03-16 22:31:20,938 Epoch:  4 | i: 1 | iter:  1600 | LR: 0.0050 | Loss Val: 226163.984 | Loss Avg: 193463.442
2020-03-16 22:31:26,611 Epoch:  4 | i: 1 | iter:  1700 | LR: 0.0050 | Loss Val: 231561.969 | Loss Avg: 193992.317
2020-03-16 22:31:32,294 Epoch:  4 | i: 1 | iter:  1800 | LR: 0.0050 | Loss Val: 233539.359 | Loss Avg: 194481.172
2020-03-16 22:31:37,964 Epoch:  4 | i: 1 | iter:  1900 | LR: 0.0050 | Loss Val: 226960.172 | Loss Avg: 194936.700
2020-03-16 22:31:43,615 Epoch:  4 | i: 1 | iter:  2000 | LR: 0.0025 | Loss Val: 227671.766 | Loss Avg: 195374.243
2020-03-16 22:31:49,310 Epoch:  4 | i: 1 | iter:  2100 | LR: 0.0025 | Loss Val: 46336.039 | Loss Avg: 193679.947
2020-03-16 22:31:55,008 Epoch:  4 | i: 1 | iter:  2200 | LR: 0.0025 | Loss Val: 25234.422 | Loss Avg: 191452.477
2020-03-16 22:32:00,688 Epoch:  4 | i: 1 | iter:  2300 | LR: 0.0025 | Loss Val: 19885.148 | Loss Avg: 189134.588
2020-03-16 22:32:06,362 Epoch:  4 | i: 1 | iter:  2400 | LR: 0.0025 | Loss Val: 16574.342 | Loss Avg: 186819.948
2020-03-16 22:32:12,040 Epoch:  4 | i: 1 | iter:  2500 | LR: 0.0025 | Loss Val: 16669.723 | Loss Avg: 184540.972
2020-03-16 22:32:17,702 Epoch:  4 | i: 1 | iter:  2600 | LR: 0.0025 | Loss Val: 13095.709 | Loss Avg: 182301.860
2020-03-16 22:32:23,416 Epoch:  4 | i: 1 | iter:  2700 | LR: 0.0025 | Loss Val: 12965.815 | Loss Avg: 180103.583
2020-03-16 22:32:29,142 Epoch:  4 | i: 1 | iter:  2800 | LR: 0.0025 | Loss Val: 10664.990 | Loss Avg: 177945.542
2020-03-16 22:32:34,797 Epoch:  4 | i: 1 | iter:  2900 | LR: 0.0025 | Loss Val: 9542.148 | Loss Avg: 175827.285
2020-03-16 22:32:40,492 Epoch:  4 | i: 1 | iter:  3000 | LR: 0.0013 | Loss Val: 9492.570 | Loss Avg: 173758.547
2020-03-16 22:32:46,193 Epoch:  4 | i: 1 | iter:  3100 | LR: 0.0013 | Loss Val: 4376.879 | Loss Avg: 171672.967
2020-03-16 22:32:51,911 Epoch:  4 | i: 1 | iter:  3200 | LR: 0.0013 | Loss Val: 4149.573 | Loss Avg: 169631.888
2020-03-16 22:32:57,599 Epoch:  4 | i: 1 | iter:  3300 | LR: 0.0013 | Loss Val: 4027.495 | Loss Avg: 167637.851
2020-03-16 22:33:03,274 Epoch:  4 | i: 1 | iter:  3400 | LR: 0.0013 | Loss Val: 3898.700 | Loss Avg: 165689.712
2020-03-16 22:33:08,973 Epoch:  4 | i: 1 | iter:  3500 | LR: 0.0013 | Loss Val: 3820.246 | Loss Avg: 163786.057
2020-03-16 22:33:14,636 Epoch:  4 | i: 1 | iter:  3600 | LR: 0.0013 | Loss Val: 3680.034 | Loss Avg: 161925.560
2020-03-16 22:33:20,290 Epoch:  4 | i: 1 | iter:  3700 | LR: 0.0013 | Loss Val: 3645.312 | Loss Avg: 160106.906
2020-03-16 22:33:25,997 Epoch:  4 | i: 1 | iter:  3800 | LR: 0.0013 | Loss Val: 3577.095 | Loss Avg: 158328.547
2020-03-16 22:33:31,708 Epoch:  4 | i: 1 | iter:  3900 | LR: 0.0013 | Loss Val: 3498.551 | Loss Avg: 156589.422
2020-03-16 22:33:37,381 Epoch:  4 | i: 1 | iter:  4000 | LR: 0.0006 | Loss Val: 3450.093 | Loss Avg: 154888.284
2020-03-16 22:33:43,074 Epoch:  4 | i: 1 | iter:  4100 | LR: 0.0006 | Loss Val: 3115.791 | Loss Avg: 153220.963
2020-03-16 22:33:48,751 Epoch:  4 | i: 1 | iter:  4200 | LR: 0.0006 | Loss Val: 3073.533 | Loss Avg: 151589.323
2020-03-16 22:33:54,435 Epoch:  4 | i: 1 | iter:  4300 | LR: 0.0006 | Loss Val: 3035.844 | Loss Avg: 149992.341
2020-03-16 22:34:00,150 Epoch:  4 | i: 1 | iter:  4400 | LR: 0.0006 | Loss Val: 3754.145 | Loss Avg: 148457.375
2020-03-16 22:34:05,811 Epoch:  4 | i: 1 | iter:  4500 | LR: 0.0006 | Loss Val: 3323.355 | Loss Avg: 146931.567
2020-03-16 22:34:11,520 Epoch:  4 | i: 1 | iter:  4600 | LR: 0.0006 | Loss Val: 3413.869 | Loss Avg: 145442.432
2020-03-16 22:34:17,231 Epoch:  4 | i: 1 | iter:  4700 | LR: 0.0006 | Loss Val: 3562.376 | Loss Avg: 143980.776
2020-03-16 22:34:22,929 Epoch:  4 | i: 1 | iter:  4800 | LR: 0.0006 | Loss Val: 3282.844 | Loss Avg: 142546.163
2020-03-16 22:34:28,674 Epoch:  4 | i: 1 | iter:  4900 | LR: 0.0006 | Loss Val: 3172.786 | Loss Avg: 141138.927
2020-03-16 22:34:35,042 Training complete one epoch in 9m 34s
2020-03-16 22:34:35,502 Using single source for this experiment.
2020-03-16 22:34:35,506 Number of target images:200
2020-03-16 22:34:35,507 Number of source images:200
2020-03-16 22:34:39,259 Epoch:  5 | i: 0 | iter:     0 | LR: 0.0100 | Loss Val: 879654.500 | Loss Avg: 879654.500
2020-03-16 22:34:44,833 Epoch:  5 | i: 0 | iter:   100 | LR: 0.0100 | Loss Val: 407310.938 | Loss Avg: 425293.390
2020-03-16 22:34:50,438 Epoch:  5 | i: 0 | iter:   200 | LR: 0.0100 | Loss Val: 407447.219 | Loss Avg: 414941.806
2020-03-16 22:34:56,099 Epoch:  5 | i: 0 | iter:   300 | LR: 0.0100 | Loss Val: 402764.750 | Loss Avg: 411478.221
2020-03-16 22:35:01,699 Epoch:  5 | i: 0 | iter:   400 | LR: 0.0100 | Loss Val: 410739.688 | Loss Avg: 409878.202
2020-03-16 22:35:07,376 Epoch:  5 | i: 0 | iter:   500 | LR: 0.0100 | Loss Val: 409914.094 | Loss Avg: 408440.464
2020-03-16 22:35:13,024 Epoch:  5 | i: 0 | iter:   600 | LR: 0.0100 | Loss Val: 406524.531 | Loss Avg: 407672.914
2020-03-16 22:35:18,711 Epoch:  5 | i: 0 | iter:   700 | LR: 0.0100 | Loss Val: 392521.312 | Loss Avg: 406979.238
2020-03-16 22:35:24,409 Epoch:  5 | i: 0 | iter:   800 | LR: 0.0100 | Loss Val: 401984.750 | Loss Avg: 406439.215
2020-03-16 22:35:30,078 Epoch:  5 | i: 0 | iter:   900 | LR: 0.0100 | Loss Val: 406056.594 | Loss Avg: 406077.951
2020-03-16 22:35:35,742 Epoch:  5 | i: 0 | iter:  1000 | LR: 0.0050 | Loss Val: 403660.562 | Loss Avg: 405821.319
2020-03-16 22:35:41,414 Epoch:  5 | i: 0 | iter:  1100 | LR: 0.0050 | Loss Val: 247596.328 | Loss Avg: 392425.292
2020-03-16 22:35:47,102 Epoch:  5 | i: 0 | iter:  1200 | LR: 0.0050 | Loss Val: 237395.750 | Loss Avg: 379773.376
2020-03-16 22:35:52,768 Epoch:  5 | i: 0 | iter:  1300 | LR: 0.0050 | Loss Val: 231581.125 | Loss Avg: 368703.600
2020-03-16 22:35:58,411 Epoch:  5 | i: 0 | iter:  1400 | LR: 0.0050 | Loss Val: 231729.688 | Loss Avg: 359036.977
2020-03-16 22:36:04,083 Epoch:  5 | i: 0 | iter:  1500 | LR: 0.0050 | Loss Val: 228336.281 | Loss Avg: 350478.470
2020-03-16 22:36:09,749 Epoch:  5 | i: 0 | iter:  1600 | LR: 0.0050 | Loss Val: 227074.719 | Loss Avg: 342936.838
2020-03-16 22:36:15,400 Epoch:  5 | i: 0 | iter:  1700 | LR: 0.0050 | Loss Val: 221466.016 | Loss Avg: 336184.847
2020-03-16 22:36:21,065 Epoch:  5 | i: 0 | iter:  1800 | LR: 0.0050 | Loss Val: 235183.375 | Loss Avg: 330059.758
2020-03-16 22:36:26,767 Epoch:  5 | i: 0 | iter:  1900 | LR: 0.0050 | Loss Val: 218816.531 | Loss Avg: 324505.132
2020-03-16 22:36:32,468 Epoch:  5 | i: 0 | iter:  2000 | LR: 0.0025 | Loss Val: 225579.219 | Loss Avg: 319491.013
2020-03-16 22:36:38,147 Epoch:  5 | i: 0 | iter:  2100 | LR: 0.0025 | Loss Val: 45856.344 | Loss Avg: 307856.253
2020-03-16 22:36:43,797 Epoch:  5 | i: 0 | iter:  2200 | LR: 0.0025 | Loss Val: 30482.463 | Loss Avg: 295573.338
2020-03-16 22:36:49,478 Epoch:  5 | i: 0 | iter:  2300 | LR: 0.0025 | Loss Val: 25399.650 | Loss Avg: 283972.792
2020-03-16 22:36:55,187 Epoch:  5 | i: 0 | iter:  2400 | LR: 0.0025 | Loss Val: 22119.273 | Loss Avg: 273141.484
2020-03-16 22:37:00,853 Epoch:  5 | i: 0 | iter:  2500 | LR: 0.0025 | Loss Val: 16957.115 | Loss Avg: 262988.939
2020-03-16 22:37:06,539 Epoch:  5 | i: 0 | iter:  2600 | LR: 0.0025 | Loss Val: 14671.092 | Loss Avg: 253482.414
2020-03-16 22:37:12,236 Epoch:  5 | i: 0 | iter:  2700 | LR: 0.0025 | Loss Val: 13802.093 | Loss Avg: 244629.711
2020-03-16 22:37:17,903 Epoch:  5 | i: 0 | iter:  2800 | LR: 0.0025 | Loss Val: 13541.633 | Loss Avg: 236371.842
2020-03-16 22:37:23,618 Epoch:  5 | i: 0 | iter:  2900 | LR: 0.0025 | Loss Val: 12925.331 | Loss Avg: 228662.982
2020-03-16 22:37:29,275 Epoch:  5 | i: 0 | iter:  3000 | LR: 0.0013 | Loss Val: 11607.179 | Loss Avg: 221448.696
2020-03-16 22:37:35,009 Epoch:  5 | i: 0 | iter:  3100 | LR: 0.0013 | Loss Val: 5446.986 | Loss Avg: 214499.056
2020-03-16 22:37:40,737 Epoch:  5 | i: 0 | iter:  3200 | LR: 0.0013 | Loss Val: 5170.434 | Loss Avg: 207963.960
2020-03-16 22:37:46,436 Epoch:  5 | i: 0 | iter:  3300 | LR: 0.0013 | Loss Val: 5011.793 | Loss Avg: 201818.135
2020-03-16 22:37:52,123 Epoch:  5 | i: 0 | iter:  3400 | LR: 0.0013 | Loss Val: 4942.022 | Loss Avg: 196029.902
2020-03-16 22:37:57,836 Epoch:  5 | i: 0 | iter:  3500 | LR: 0.0013 | Loss Val: 4762.733 | Loss Avg: 190568.868
2020-03-16 22:38:03,527 Epoch:  5 | i: 0 | iter:  3600 | LR: 0.0013 | Loss Val: 4641.014 | Loss Avg: 185407.939
2020-03-16 22:38:09,201 Epoch:  5 | i: 0 | iter:  3700 | LR: 0.0013 | Loss Val: 4553.938 | Loss Avg: 180523.623
2020-03-16 22:38:14,858 Epoch:  5 | i: 0 | iter:  3800 | LR: 0.0013 | Loss Val: 4875.611 | Loss Avg: 175904.834
2020-03-16 22:38:20,542 Epoch:  5 | i: 0 | iter:  3900 | LR: 0.0013 | Loss Val: 4612.022 | Loss Avg: 171514.806
2020-03-16 22:38:26,252 Epoch:  5 | i: 0 | iter:  4000 | LR: 0.0006 | Loss Val: 4434.514 | Loss Avg: 167340.517
2020-03-16 22:38:31,919 Epoch:  5 | i: 0 | iter:  4100 | LR: 0.0006 | Loss Val: 4036.268 | Loss Avg: 163359.355
2020-03-16 22:38:37,640 Epoch:  5 | i: 0 | iter:  4200 | LR: 0.0006 | Loss Val: 3984.191 | Loss Avg: 159566.212
2020-03-16 22:38:43,334 Epoch:  5 | i: 0 | iter:  4300 | LR: 0.0006 | Loss Val: 3942.357 | Loss Avg: 155948.383
2020-03-16 22:38:49,038 Epoch:  5 | i: 0 | iter:  4400 | LR: 0.0006 | Loss Val: 3903.180 | Loss Avg: 152494.027
2020-03-16 22:38:54,726 Epoch:  5 | i: 0 | iter:  4500 | LR: 0.0006 | Loss Val: 3866.951 | Loss Avg: 149192.323
2020-03-16 22:39:00,409 Epoch:  5 | i: 0 | iter:  4600 | LR: 0.0006 | Loss Val: 3832.975 | Loss Avg: 146033.361
2020-03-16 22:39:06,123 Epoch:  5 | i: 0 | iter:  4700 | LR: 0.0006 | Loss Val: 3800.192 | Loss Avg: 143008.111
2020-03-16 22:39:11,782 Epoch:  5 | i: 0 | iter:  4800 | LR: 0.0006 | Loss Val: 3768.317 | Loss Avg: 140108.211
2020-03-16 22:39:17,493 Epoch:  5 | i: 0 | iter:  4900 | LR: 0.0006 | Loss Val: 3738.439 | Loss Avg: 137326.011
2020-03-16 22:39:24,601 Epoch:  5 | i: 1 | iter:     0 | LR: 0.0100 | Loss Val: 895984.188 | Loss Avg: 134832.928
2020-03-16 22:39:30,285 Epoch:  5 | i: 1 | iter:   100 | LR: 0.0100 | Loss Val: 390692.500 | Loss Avg: 140338.100
2020-03-16 22:39:35,968 Epoch:  5 | i: 1 | iter:   200 | LR: 0.0100 | Loss Val: 393490.812 | Loss Avg: 145326.044
2020-03-16 22:39:41,622 Epoch:  5 | i: 1 | iter:   300 | LR: 0.0100 | Loss Val: 394743.250 | Loss Avg: 150104.316
2020-03-16 22:39:47,297 Epoch:  5 | i: 1 | iter:   400 | LR: 0.0100 | Loss Val: 398107.438 | Loss Avg: 154681.267
2020-03-16 22:39:52,983 Epoch:  5 | i: 1 | iter:   500 | LR: 0.0100 | Loss Val: 396399.250 | Loss Avg: 159094.923
2020-03-16 22:39:58,645 Epoch:  5 | i: 1 | iter:   600 | LR: 0.0100 | Loss Val: 397180.562 | Loss Avg: 163332.832
2020-03-16 22:40:04,302 Epoch:  5 | i: 1 | iter:   700 | LR: 0.0100 | Loss Val: 403159.500 | Loss Avg: 167409.220
2020-03-16 22:40:09,961 Epoch:  5 | i: 1 | iter:   800 | LR: 0.0100 | Loss Val: 394486.125 | Loss Avg: 171372.702
2020-03-16 22:40:15,656 Epoch:  5 | i: 1 | iter:   900 | LR: 0.0100 | Loss Val: 394683.625 | Loss Avg: 175215.322
2020-03-16 22:40:21,362 Epoch:  5 | i: 1 | iter:  1000 | LR: 0.0050 | Loss Val: 399401.969 | Loss Avg: 178903.965
2020-03-16 22:40:27,070 Epoch:  5 | i: 1 | iter:  1100 | LR: 0.0050 | Loss Val: 240746.625 | Loss Avg: 180150.829
2020-03-16 22:40:32,760 Epoch:  5 | i: 1 | iter:  1200 | LR: 0.0050 | Loss Val: 234437.844 | Loss Avg: 181050.643
2020-03-16 22:40:38,467 Epoch:  5 | i: 1 | iter:  1300 | LR: 0.0050 | Loss Val: 223781.562 | Loss Avg: 181848.062
2020-03-16 22:40:44,158 Epoch:  5 | i: 1 | iter:  1400 | LR: 0.0050 | Loss Val: 225467.031 | Loss Avg: 182570.683
2020-03-16 22:40:49,873 Epoch:  5 | i: 1 | iter:  1500 | LR: 0.0050 | Loss Val: 228595.156 | Loss Avg: 183236.109
2020-03-16 22:40:55,569 Epoch:  5 | i: 1 | iter:  1600 | LR: 0.0050 | Loss Val: 219173.625 | Loss Avg: 183839.417
2020-03-16 22:41:01,286 Epoch:  5 | i: 1 | iter:  1700 | LR: 0.0050 | Loss Val: 220123.594 | Loss Avg: 184422.872
2020-03-16 22:41:06,983 Epoch:  5 | i: 1 | iter:  1800 | LR: 0.0050 | Loss Val: 217917.312 | Loss Avg: 184958.361
2020-03-16 22:41:12,663 Epoch:  5 | i: 1 | iter:  1900 | LR: 0.0050 | Loss Val: 219670.141 | Loss Avg: 185473.569
2020-03-16 22:41:18,374 Epoch:  5 | i: 1 | iter:  2000 | LR: 0.0025 | Loss Val: 219667.938 | Loss Avg: 185965.463
2020-03-16 22:41:24,053 Epoch:  5 | i: 1 | iter:  2100 | LR: 0.0025 | Loss Val: 39065.320 | Loss Avg: 184336.264
2020-03-16 22:41:29,736 Epoch:  5 | i: 1 | iter:  2200 | LR: 0.0025 | Loss Val: 25804.270 | Loss Avg: 182214.163
2020-03-16 22:41:35,427 Epoch:  5 | i: 1 | iter:  2300 | LR: 0.0025 | Loss Val: 16030.948 | Loss Avg: 179990.194
2020-03-16 22:41:41,104 Epoch:  5 | i: 1 | iter:  2400 | LR: 0.0025 | Loss Val: 12251.557 | Loss Avg: 177754.915
2020-03-16 22:41:46,772 Epoch:  5 | i: 1 | iter:  2500 | LR: 0.0025 | Loss Val: 11372.748 | Loss Avg: 175552.165
2020-03-16 22:41:52,481 Epoch:  5 | i: 1 | iter:  2600 | LR: 0.0025 | Loss Val: 9674.160 | Loss Avg: 173387.913
2020-03-16 22:41:58,199 Epoch:  5 | i: 1 | iter:  2700 | LR: 0.0025 | Loss Val: 8865.352 | Loss Avg: 171269.184
2020-03-16 22:42:03,907 Epoch:  5 | i: 1 | iter:  2800 | LR: 0.0025 | Loss Val: 10543.081 | Loss Avg: 169201.402
2020-03-16 22:42:09,592 Epoch:  5 | i: 1 | iter:  2900 | LR: 0.0025 | Loss Val: 9682.986 | Loss Avg: 167181.366
2020-03-16 22:42:15,261 Epoch:  5 | i: 1 | iter:  3000 | LR: 0.0013 | Loss Val: 8464.196 | Loss Avg: 165208.753
2020-03-16 22:42:20,910 Epoch:  5 | i: 1 | iter:  3100 | LR: 0.0013 | Loss Val: 4309.714 | Loss Avg: 163226.134
2020-03-16 22:42:26,600 Epoch:  5 | i: 1 | iter:  3200 | LR: 0.0013 | Loss Val: 4070.979 | Loss Avg: 161286.678
2020-03-16 22:42:32,289 Epoch:  5 | i: 1 | iter:  3300 | LR: 0.0013 | Loss Val: 3976.935 | Loss Avg: 159392.075
2020-03-16 22:42:37,975 Epoch:  5 | i: 1 | iter:  3400 | LR: 0.0013 | Loss Val: 3837.071 | Loss Avg: 157541.207
2020-03-16 22:42:43,687 Epoch:  5 | i: 1 | iter:  3500 | LR: 0.0013 | Loss Val: 3780.115 | Loss Avg: 155732.710
2020-03-16 22:42:49,383 Epoch:  5 | i: 1 | iter:  3600 | LR: 0.0013 | Loss Val: 3691.783 | Loss Avg: 153965.159
2020-03-16 22:42:55,088 Epoch:  5 | i: 1 | iter:  3700 | LR: 0.0013 | Loss Val: 3600.268 | Loss Avg: 152237.133
2020-03-16 22:43:00,785 Epoch:  5 | i: 1 | iter:  3800 | LR: 0.0013 | Loss Val: 3487.686 | Loss Avg: 150547.660
2020-03-16 22:43:06,465 Epoch:  5 | i: 1 | iter:  3900 | LR: 0.0013 | Loss Val: 3440.867 | Loss Avg: 148895.291
2020-03-16 22:43:12,159 Epoch:  5 | i: 1 | iter:  4000 | LR: 0.0006 | Loss Val: 3404.109 | Loss Avg: 147278.892
2020-03-16 22:43:17,834 Epoch:  5 | i: 1 | iter:  4100 | LR: 0.0006 | Loss Val: 3088.085 | Loss Avg: 145694.846
2020-03-16 22:43:23,516 Epoch:  5 | i: 1 | iter:  4200 | LR: 0.0006 | Loss Val: 3048.568 | Loss Avg: 144144.718
2020-03-16 22:43:29,213 Epoch:  5 | i: 1 | iter:  4300 | LR: 0.0006 | Loss Val: 3013.494 | Loss Avg: 142627.525
2020-03-16 22:43:34,885 Epoch:  5 | i: 1 | iter:  4400 | LR: 0.0006 | Loss Val: 2980.756 | Loss Avg: 141142.251
2020-03-16 22:43:40,558 Epoch:  5 | i: 1 | iter:  4500 | LR: 0.0006 | Loss Val: 2949.957 | Loss Avg: 139687.909
2020-03-16 22:43:46,225 Epoch:  5 | i: 1 | iter:  4600 | LR: 0.0006 | Loss Val: 2920.900 | Loss Avg: 138263.546
2020-03-16 22:43:51,883 Epoch:  5 | i: 1 | iter:  4700 | LR: 0.0006 | Loss Val: 2891.593 | Loss Avg: 136868.252
2020-03-16 22:43:57,562 Epoch:  5 | i: 1 | iter:  4800 | LR: 0.0006 | Loss Val: 2864.872 | Loss Avg: 135501.146
2020-03-16 22:44:03,231 Epoch:  5 | i: 1 | iter:  4900 | LR: 0.0006 | Loss Val: 2837.440 | Loss Avg: 134161.382
2020-03-16 22:44:09,579 Training complete one epoch in 9m 34s
2020-03-16 22:44:10,048 Using single source for this experiment.
2020-03-16 22:44:10,052 Number of target images:200
2020-03-16 22:44:10,053 Number of source images:200
2020-03-16 22:44:13,874 Epoch:  6 | i: 0 | iter:     0 | LR: 0.0100 | Loss Val: 896449.750 | Loss Avg: 896449.750
2020-03-16 22:44:19,437 Epoch:  6 | i: 0 | iter:   100 | LR: 0.0100 | Loss Val: 430814.812 | Loss Avg: 446745.337
2020-03-16 22:44:25,046 Epoch:  6 | i: 0 | iter:   200 | LR: 0.0100 | Loss Val: 421999.312 | Loss Avg: 438059.705
2020-03-16 22:44:30,667 Epoch:  6 | i: 0 | iter:   300 | LR: 0.0100 | Loss Val: 421023.281 | Loss Avg: 434583.856
2020-03-16 22:44:36,318 Epoch:  6 | i: 0 | iter:   400 | LR: 0.0100 | Loss Val: 433191.188 | Loss Avg: 432926.793
2020-03-16 22:44:41,971 Epoch:  6 | i: 0 | iter:   500 | LR: 0.0100 | Loss Val: 428176.625 | Loss Avg: 431673.712
2020-03-16 22:44:47,634 Epoch:  6 | i: 0 | iter:   600 | LR: 0.0100 | Loss Val: 424020.750 | Loss Avg: 430802.045
2020-03-16 22:44:53,291 Epoch:  6 | i: 0 | iter:   700 | LR: 0.0100 | Loss Val: 443662.906 | Loss Avg: 430234.661
2020-03-16 22:44:58,972 Epoch:  6 | i: 0 | iter:   800 | LR: 0.0100 | Loss Val: 435508.562 | Loss Avg: 429800.115
2020-03-16 22:45:04,632 Epoch:  6 | i: 0 | iter:   900 | LR: 0.0100 | Loss Val: 431105.438 | Loss Avg: 429529.321
2020-03-16 22:45:10,304 Epoch:  6 | i: 0 | iter:  1000 | LR: 0.0050 | Loss Val: 430534.250 | Loss Avg: 429201.818
2020-03-16 22:45:15,987 Epoch:  6 | i: 0 | iter:  1100 | LR: 0.0050 | Loss Val: 264834.812 | Loss Avg: 415837.283
2020-03-16 22:45:21,642 Epoch:  6 | i: 0 | iter:  1200 | LR: 0.0050 | Loss Val: 265499.250 | Loss Avg: 403131.943
2020-03-16 22:45:27,315 Epoch:  6 | i: 0 | iter:  1300 | LR: 0.0050 | Loss Val: 260726.484 | Loss Avg: 392054.787
2020-03-16 22:45:32,992 Epoch:  6 | i: 0 | iter:  1400 | LR: 0.0050 | Loss Val: 250224.531 | Loss Avg: 382290.642
2020-03-16 22:45:38,676 Epoch:  6 | i: 0 | iter:  1500 | LR: 0.0050 | Loss Val: 250463.000 | Loss Avg: 373612.405
2020-03-16 22:45:44,345 Epoch:  6 | i: 0 | iter:  1600 | LR: 0.0050 | Loss Val: 238095.422 | Loss Avg: 365921.960
2020-03-16 22:45:50,015 Epoch:  6 | i: 0 | iter:  1700 | LR: 0.0050 | Loss Val: 246196.812 | Loss Avg: 359029.360
2020-03-16 22:45:55,692 Epoch:  6 | i: 0 | iter:  1800 | LR: 0.0050 | Loss Val: 248696.906 | Loss Avg: 352847.068
2020-03-16 22:46:01,385 Epoch:  6 | i: 0 | iter:  1900 | LR: 0.0050 | Loss Val: 239165.453 | Loss Avg: 347281.836
2020-03-16 22:46:07,063 Epoch:  6 | i: 0 | iter:  2000 | LR: 0.0025 | Loss Val: 238677.250 | Loss Avg: 342182.766
2020-03-16 22:46:12,750 Epoch:  6 | i: 0 | iter:  2100 | LR: 0.0025 | Loss Val: 58594.711 | Loss Avg: 330004.756
2020-03-16 22:46:18,424 Epoch:  6 | i: 0 | iter:  2200 | LR: 0.0025 | Loss Val: 38879.551 | Loss Avg: 317106.461
2020-03-16 22:46:24,101 Epoch:  6 | i: 0 | iter:  2300 | LR: 0.0025 | Loss Val: 32825.621 | Loss Avg: 304814.352
2020-03-16 22:46:29,788 Epoch:  6 | i: 0 | iter:  2400 | LR: 0.0025 | Loss Val: 32067.086 | Loss Avg: 293358.343
2020-03-16 22:46:35,474 Epoch:  6 | i: 0 | iter:  2500 | LR: 0.0025 | Loss Val: 25554.896 | Loss Avg: 282687.023
2020-03-16 22:46:41,146 Epoch:  6 | i: 0 | iter:  2600 | LR: 0.0025 | Loss Val: 25203.316 | Loss Avg: 272774.137
2020-03-16 22:46:46,824 Epoch:  6 | i: 0 | iter:  2700 | LR: 0.0025 | Loss Val: 23877.617 | Loss Avg: 263577.593
2020-03-16 22:46:52,502 Epoch:  6 | i: 0 | iter:  2800 | LR: 0.0025 | Loss Val: 24774.139 | Loss Avg: 255046.824
2020-03-16 22:46:58,176 Epoch:  6 | i: 0 | iter:  2900 | LR: 0.0025 | Loss Val: 23110.629 | Loss Avg: 247093.646
2020-03-16 22:47:03,857 Epoch:  6 | i: 0 | iter:  3000 | LR: 0.0013 | Loss Val: 23320.945 | Loss Avg: 239634.102
2020-03-16 22:47:09,540 Epoch:  6 | i: 0 | iter:  3100 | LR: 0.0013 | Loss Val: 5788.843 | Loss Avg: 232143.417
2020-03-16 22:47:15,251 Epoch:  6 | i: 0 | iter:  3200 | LR: 0.0013 | Loss Val: 4987.107 | Loss Avg: 225054.003
2020-03-16 22:47:20,929 Epoch:  6 | i: 0 | iter:  3300 | LR: 0.0013 | Loss Val: 4708.330 | Loss Avg: 218381.951
2020-03-16 22:47:26,618 Epoch:  6 | i: 0 | iter:  3400 | LR: 0.0013 | Loss Val: 4789.411 | Loss Avg: 212124.165
2020-03-16 22:47:32,305 Epoch:  6 | i: 0 | iter:  3500 | LR: 0.0013 | Loss Val: 5028.586 | Loss Avg: 206210.269
2020-03-16 22:47:37,984 Epoch:  6 | i: 0 | iter:  3600 | LR: 0.0013 | Loss Val: 4403.379 | Loss Avg: 200609.514
2020-03-16 22:47:43,660 Epoch:  6 | i: 0 | iter:  3700 | LR: 0.0013 | Loss Val: 4401.434 | Loss Avg: 195307.307
2020-03-16 22:47:49,333 Epoch:  6 | i: 0 | iter:  3800 | LR: 0.0013 | Loss Val: 4082.406 | Loss Avg: 190279.514
2020-03-16 22:47:55,000 Epoch:  6 | i: 0 | iter:  3900 | LR: 0.0013 | Loss Val: 4038.819 | Loss Avg: 185505.294
2020-03-16 22:48:00,676 Epoch:  6 | i: 0 | iter:  4000 | LR: 0.0006 | Loss Val: 3883.142 | Loss Avg: 180967.403
2020-03-16 22:48:06,354 Epoch:  6 | i: 0 | iter:  4100 | LR: 0.0006 | Loss Val: 3410.100 | Loss Avg: 176638.866
2020-03-16 22:48:12,022 Epoch:  6 | i: 0 | iter:  4200 | LR: 0.0006 | Loss Val: 3350.225 | Loss Avg: 172514.605
2020-03-16 22:48:17,690 Epoch:  6 | i: 0 | iter:  4300 | LR: 0.0006 | Loss Val: 3300.016 | Loss Avg: 168580.850
2020-03-16 22:48:23,351 Epoch:  6 | i: 0 | iter:  4400 | LR: 0.0006 | Loss Val: 3251.997 | Loss Avg: 164824.763
2020-03-16 22:48:29,019 Epoch:  6 | i: 0 | iter:  4500 | LR: 0.0006 | Loss Val: 3210.838 | Loss Avg: 161234.594
2020-03-16 22:48:34,699 Epoch:  6 | i: 0 | iter:  4600 | LR: 0.0006 | Loss Val: 3178.167 | Loss Avg: 157799.598
2020-03-16 22:48:40,357 Epoch:  6 | i: 0 | iter:  4700 | LR: 0.0006 | Loss Val: 3133.282 | Loss Avg: 154509.942
2020-03-16 22:48:46,031 Epoch:  6 | i: 0 | iter:  4800 | LR: 0.0006 | Loss Val: 3104.603 | Loss Avg: 151356.562
2020-03-16 22:48:51,710 Epoch:  6 | i: 0 | iter:  4900 | LR: 0.0006 | Loss Val: 3061.538 | Loss Avg: 148331.157
2020-03-16 22:48:58,746 Epoch:  6 | i: 1 | iter:     0 | LR: 0.0100 | Loss Val: 910571.688 | Loss Avg: 145607.565
2020-03-16 22:49:04,364 Epoch:  6 | i: 1 | iter:   100 | LR: 0.0100 | Loss Val: 413987.125 | Loss Avg: 151067.982
2020-03-16 22:49:10,014 Epoch:  6 | i: 1 | iter:   200 | LR: 0.0100 | Loss Val: 411862.250 | Loss Avg: 156016.306
2020-03-16 22:49:15,658 Epoch:  6 | i: 1 | iter:   300 | LR: 0.0100 | Loss Val: 418180.594 | Loss Avg: 160769.448
2020-03-16 22:49:21,301 Epoch:  6 | i: 1 | iter:   400 | LR: 0.0100 | Loss Val: 413236.156 | Loss Avg: 165353.502
2020-03-16 22:49:26,945 Epoch:  6 | i: 1 | iter:   500 | LR: 0.0100 | Loss Val: 404418.062 | Loss Avg: 169768.640
2020-03-16 22:49:32,596 Epoch:  6 | i: 1 | iter:   600 | LR: 0.0100 | Loss Val: 402174.062 | Loss Avg: 174028.480
2020-03-16 22:49:38,250 Epoch:  6 | i: 1 | iter:   700 | LR: 0.0100 | Loss Val: 393873.812 | Loss Avg: 178143.838
2020-03-16 22:49:43,871 Epoch:  6 | i: 1 | iter:   800 | LR: 0.0100 | Loss Val: 409376.031 | Loss Avg: 182100.329
2020-03-16 22:49:49,507 Epoch:  6 | i: 1 | iter:   900 | LR: 0.0100 | Loss Val: 409755.938 | Loss Avg: 185935.188
2020-03-16 22:49:55,158 Epoch:  6 | i: 1 | iter:  1000 | LR: 0.0050 | Loss Val: 405081.281 | Loss Avg: 189633.557
2020-03-16 22:50:00,802 Epoch:  6 | i: 1 | iter:  1100 | LR: 0.0050 | Loss Val: 243458.859 | Loss Avg: 190818.126
2020-03-16 22:50:06,441 Epoch:  6 | i: 1 | iter:  1200 | LR: 0.0050 | Loss Val: 240362.312 | Loss Avg: 191664.377
2020-03-16 22:50:12,076 Epoch:  6 | i: 1 | iter:  1300 | LR: 0.0050 | Loss Val: 235130.812 | Loss Avg: 192346.769
2020-03-16 22:50:17,725 Epoch:  6 | i: 1 | iter:  1400 | LR: 0.0050 | Loss Val: 227322.188 | Loss Avg: 192945.730
2020-03-16 22:50:23,373 Epoch:  6 | i: 1 | iter:  1500 | LR: 0.0050 | Loss Val: 223639.625 | Loss Avg: 193487.122
2020-03-16 22:50:29,033 Epoch:  6 | i: 1 | iter:  1600 | LR: 0.0050 | Loss Val: 222376.172 | Loss Avg: 193972.442
2020-03-16 22:50:34,676 Epoch:  6 | i: 1 | iter:  1700 | LR: 0.0050 | Loss Val: 229322.109 | Loss Avg: 194438.405
2020-03-16 22:50:40,299 Epoch:  6 | i: 1 | iter:  1800 | LR: 0.0050 | Loss Val: 220679.625 | Loss Avg: 194878.962
2020-03-16 22:50:45,940 Epoch:  6 | i: 1 | iter:  1900 | LR: 0.0050 | Loss Val: 224583.578 | Loss Avg: 195287.387
2020-03-16 22:50:51,573 Epoch:  6 | i: 1 | iter:  2000 | LR: 0.0025 | Loss Val: 223166.859 | Loss Avg: 195668.931
2020-03-16 22:50:57,211 Epoch:  6 | i: 1 | iter:  2100 | LR: 0.0025 | Loss Val: 52800.117 | Loss Avg: 194020.657
2020-03-16 22:51:02,839 Epoch:  6 | i: 1 | iter:  2200 | LR: 0.0025 | Loss Val: 38488.805 | Loss Avg: 191939.786
2020-03-16 22:51:08,465 Epoch:  6 | i: 1 | iter:  2300 | LR: 0.0025 | Loss Val: 34646.363 | Loss Avg: 189788.305
2020-03-16 22:51:14,106 Epoch:  6 | i: 1 | iter:  2400 | LR: 0.0025 | Loss Val: 26988.939 | Loss Avg: 187626.158
2020-03-16 22:51:19,737 Epoch:  6 | i: 1 | iter:  2500 | LR: 0.0025 | Loss Val: 26883.594 | Loss Avg: 185484.169
2020-03-16 22:51:25,360 Epoch:  6 | i: 1 | iter:  2600 | LR: 0.0025 | Loss Val: 24030.631 | Loss Avg: 183373.303
2020-03-16 22:51:30,989 Epoch:  6 | i: 1 | iter:  2700 | LR: 0.0025 | Loss Val: 25327.484 | Loss Avg: 181301.255
2020-03-16 22:51:36,629 Epoch:  6 | i: 1 | iter:  2800 | LR: 0.0025 | Loss Val: 23327.410 | Loss Avg: 179270.899
2020-03-16 22:51:42,259 Epoch:  6 | i: 1 | iter:  2900 | LR: 0.0025 | Loss Val: 19326.977 | Loss Avg: 177276.158
2020-03-16 22:51:47,893 Epoch:  6 | i: 1 | iter:  3000 | LR: 0.0013 | Loss Val: 20948.779 | Loss Avg: 175321.478
2020-03-16 22:51:53,532 Epoch:  6 | i: 1 | iter:  3100 | LR: 0.0013 | Loss Val: 5341.617 | Loss Avg: 173235.896
2020-03-16 22:51:59,160 Epoch:  6 | i: 1 | iter:  3200 | LR: 0.0013 | Loss Val: 5042.504 | Loss Avg: 171184.927
2020-03-16 22:52:04,815 Epoch:  6 | i: 1 | iter:  3300 | LR: 0.0013 | Loss Val: 4659.374 | Loss Avg: 169179.560
2020-03-16 22:52:10,472 Epoch:  6 | i: 1 | iter:  3400 | LR: 0.0013 | Loss Val: 4420.940 | Loss Avg: 167219.226
2020-03-16 22:52:16,112 Epoch:  6 | i: 1 | iter:  3500 | LR: 0.0013 | Loss Val: 4284.196 | Loss Avg: 165302.961
2020-03-16 22:52:21,755 Epoch:  6 | i: 1 | iter:  3600 | LR: 0.0013 | Loss Val: 4183.253 | Loss Avg: 163429.717
2020-03-16 22:52:27,393 Epoch:  6 | i: 1 | iter:  3700 | LR: 0.0013 | Loss Val: 4049.244 | Loss Avg: 161598.262
2020-03-16 22:52:33,020 Epoch:  6 | i: 1 | iter:  3800 | LR: 0.0013 | Loss Val: 3984.739 | Loss Avg: 159807.352
2020-03-16 22:52:38,658 Epoch:  6 | i: 1 | iter:  3900 | LR: 0.0013 | Loss Val: 3873.676 | Loss Avg: 158055.506
2020-03-16 22:52:44,296 Epoch:  6 | i: 1 | iter:  4000 | LR: 0.0006 | Loss Val: 3705.562 | Loss Avg: 156342.076
2020-03-16 22:52:49,942 Epoch:  6 | i: 1 | iter:  4100 | LR: 0.0006 | Loss Val: 3357.528 | Loss Avg: 154661.510
2020-03-16 22:52:55,578 Epoch:  6 | i: 1 | iter:  4200 | LR: 0.0006 | Loss Val: 3306.546 | Loss Avg: 153016.791
2020-03-16 22:53:01,208 Epoch:  6 | i: 1 | iter:  4300 | LR: 0.0006 | Loss Val: 3262.200 | Loss Avg: 151406.933
2020-03-16 22:53:06,845 Epoch:  6 | i: 1 | iter:  4400 | LR: 0.0006 | Loss Val: 3222.927 | Loss Avg: 149830.881
2020-03-16 22:53:12,481 Epoch:  6 | i: 1 | iter:  4500 | LR: 0.0006 | Loss Val: 3185.394 | Loss Avg: 148287.608
2020-03-16 22:53:18,102 Epoch:  6 | i: 1 | iter:  4600 | LR: 0.0006 | Loss Val: 3151.829 | Loss Avg: 146776.114
2020-03-16 22:53:23,744 Epoch:  6 | i: 1 | iter:  4700 | LR: 0.0006 | Loss Val: 3120.208 | Loss Avg: 145295.431
2020-03-16 22:53:29,386 Epoch:  6 | i: 1 | iter:  4800 | LR: 0.0006 | Loss Val: 3086.642 | Loss Avg: 143844.632
2020-03-16 22:53:35,028 Epoch:  6 | i: 1 | iter:  4900 | LR: 0.0006 | Loss Val: 3057.116 | Loss Avg: 142422.834
2020-03-16 22:53:41,353 Training complete one epoch in 9m 31s
2020-03-16 22:53:41,811 Using single source for this experiment.
2020-03-16 22:53:41,816 Number of target images:200
2020-03-16 22:53:41,816 Number of source images:200
2020-03-16 22:53:45,604 Epoch:  7 | i: 0 | iter:     0 | LR: 0.0100 | Loss Val: 914080.375 | Loss Avg: 914080.375
2020-03-16 22:53:51,170 Epoch:  7 | i: 0 | iter:   100 | LR: 0.0100 | Loss Val: 420887.875 | Loss Avg: 436004.019
2020-03-16 22:53:56,727 Epoch:  7 | i: 0 | iter:   200 | LR: 0.0100 | Loss Val: 414928.188 | Loss Avg: 426665.905
2020-03-16 22:54:02,363 Epoch:  7 | i: 0 | iter:   300 | LR: 0.0100 | Loss Val: 414713.812 | Loss Avg: 422220.341
2020-03-16 22:54:08,023 Epoch:  7 | i: 0 | iter:   400 | LR: 0.0100 | Loss Val: 412601.812 | Loss Avg: 419884.996
2020-03-16 22:54:13,647 Epoch:  7 | i: 0 | iter:   500 | LR: 0.0100 | Loss Val: 411515.781 | Loss Avg: 418758.430
2020-03-16 22:54:19,282 Epoch:  7 | i: 0 | iter:   600 | LR: 0.0100 | Loss Val: 419061.062 | Loss Avg: 417919.503
2020-03-16 22:54:24,946 Epoch:  7 | i: 0 | iter:   700 | LR: 0.0100 | Loss Val: 421032.062 | Loss Avg: 417384.483
2020-03-16 22:54:30,602 Epoch:  7 | i: 0 | iter:   800 | LR: 0.0100 | Loss Val: 427241.562 | Loss Avg: 417049.687
2020-03-16 22:54:36,255 Epoch:  7 | i: 0 | iter:   900 | LR: 0.0100 | Loss Val: 415828.062 | Loss Avg: 416781.898
2020-03-16 22:54:41,904 Epoch:  7 | i: 0 | iter:  1000 | LR: 0.0050 | Loss Val: 412313.219 | Loss Avg: 416518.436
2020-03-16 22:54:47,545 Epoch:  7 | i: 0 | iter:  1100 | LR: 0.0050 | Loss Val: 264285.625 | Loss Avg: 403389.429
2020-03-16 22:54:53,178 Epoch:  7 | i: 0 | iter:  1200 | LR: 0.0050 | Loss Val: 243867.578 | Loss Avg: 390965.802
